  [1m[35m (592.4ms)[0m  [1m[35mCREATE DATABASE "social_api_development" ENCODING = 'unicode'[0m
  [1m[35m (326.4ms)[0m  [1m[35mCREATE DATABASE "social_api_test" ENCODING = 'unicode'[0m
  [1m[35m (29.9ms)[0m  [1m[35mCREATE TABLE "schema_migrations" ("version" character varying NOT NULL PRIMARY KEY)[0m
  [1m[35m (25.1ms)[0m  [1m[35mCREATE TABLE "ar_internal_metadata" ("key" character varying NOT NULL PRIMARY KEY, "value" character varying, "created_at" timestamp(6) NOT NULL, "updated_at" timestamp(6) NOT NULL)[0m
  [1m[35m (0.5ms)[0m  [1m[34mSELECT pg_try_advisory_lock(6254674692257149515)[0m
  [1m[35m (1.4ms)[0m  [1m[34mSELECT "schema_migrations"."version" FROM "schema_migrations" ORDER BY "schema_migrations"."version" ASC[0m
Migrating to CreateUsers (20210806210725)
  [1m[36mTRANSACTION (0.3ms)[0m  [1m[35mBEGIN[0m
  [1m[35m (24.3ms)[0m  [1m[35mCREATE TABLE "users" ("id" bigserial primary key, "name" character varying, "email" character varying, "password" character varying, "created_at" timestamp(6) NOT NULL, "updated_at" timestamp(6) NOT NULL)[0m
  [1m[36mActiveRecord::SchemaMigration Create (1.1ms)[0m  [1m[32mINSERT INTO "schema_migrations" ("version") VALUES ($1) RETURNING "version"[0m  [["version", "20210806210725"]]
  [1m[36mTRANSACTION (4.2ms)[0m  [1m[35mCOMMIT[0m
Migrating to CreatePosts (20210806210829)
  [1m[36mTRANSACTION (0.4ms)[0m  [1m[35mBEGIN[0m
  [1m[35m (24.8ms)[0m  [1m[35mCREATE TABLE "posts" ("id" bigserial primary key, "title" character varying, "description" character varying, "creator_id" bigint NOT NULL, "created_at" timestamp(6) NOT NULL, "updated_at" timestamp(6) NOT NULL, CONSTRAINT "fk_rails_4037146b6f"
FOREIGN KEY ("creator_id")
  REFERENCES "creators" ("id")
)[0m
  [1m[36mTRANSACTION (0.3ms)[0m  [1m[31mROLLBACK[0m
  [1m[35m (0.7ms)[0m  [1m[34mSELECT pg_advisory_unlock(6254674692257149515)[0m
  [1m[35m (0.3ms)[0m  [1m[34mSELECT pg_try_advisory_lock(6254674692257149515)[0m
  [1m[35m (2.0ms)[0m  [1m[34mSELECT "schema_migrations"."version" FROM "schema_migrations" ORDER BY "schema_migrations"."version" ASC[0m
Migrating to CreatePosts (20210806210829)
  [1m[36mTRANSACTION (0.7ms)[0m  [1m[35mBEGIN[0m
  [1m[35m (25.0ms)[0m  [1m[35mCREATE TABLE "posts" ("id" bigserial primary key, "title" character varying, "description" character varying, "creator_id_id" bigint, "created_at" timestamp(6) NOT NULL, "updated_at" timestamp(6) NOT NULL)[0m
  [1m[35m (8.8ms)[0m  [1m[35mCREATE INDEX "index_posts_on_creator_id_id" ON "posts" ("creator_id_id")[0m
  [1m[35m (2.4ms)[0m  [1m[35mCREATE INDEX "index_posts_on_creator_id" ON "posts" ("creator_id")[0m
  [1m[36mTRANSACTION (0.3ms)[0m  [1m[31mROLLBACK[0m
  [1m[35m (0.9ms)[0m  [1m[34mSELECT pg_advisory_unlock(6254674692257149515)[0m
  [1m[35m (0.4ms)[0m  [1m[34mSELECT pg_try_advisory_lock(6254674692257149515)[0m
  [1m[35m (1.9ms)[0m  [1m[34mSELECT "schema_migrations"."version" FROM "schema_migrations" ORDER BY "schema_migrations"."version" ASC[0m
Migrating to CreatePosts (20210806210829)
  [1m[36mTRANSACTION (0.7ms)[0m  [1m[35mBEGIN[0m
  [1m[35m (34.5ms)[0m  [1m[35mCREATE TABLE "posts" ("id" bigserial primary key, "title" character varying, "description" character varying, "creator_id" integer, "created_at" timestamp(6) NOT NULL, "updated_at" timestamp(6) NOT NULL)[0m
  [1m[35m (12.0ms)[0m  [1m[35mCREATE INDEX "index_posts_on_creator_id" ON "posts" ("creator_id")[0m
  [1m[36mActiveRecord::SchemaMigration Create (0.8ms)[0m  [1m[32mINSERT INTO "schema_migrations" ("version") VALUES ($1) RETURNING "version"[0m  [["version", "20210806210829"]]
  [1m[36mTRANSACTION (5.3ms)[0m  [1m[35mCOMMIT[0m
Migrating to CreateComments (20210806210842)
  [1m[36mTRANSACTION (0.5ms)[0m  [1m[35mBEGIN[0m
  [1m[35m (31.1ms)[0m  [1m[35mCREATE TABLE "comments" ("id" bigserial primary key, "message" character varying, "user_id" bigint NOT NULL, "post_id" bigint NOT NULL, "created_at" timestamp(6) NOT NULL, "updated_at" timestamp(6) NOT NULL, CONSTRAINT "fk_rails_03de2dc08c"
FOREIGN KEY ("user_id")
  REFERENCES "users" ("id")
, CONSTRAINT "fk_rails_2fd19c0db7"
FOREIGN KEY ("post_id")
  REFERENCES "posts" ("id")
)[0m
  [1m[35m (10.4ms)[0m  [1m[35mCREATE INDEX "index_comments_on_user_id" ON "comments" ("user_id")[0m
  [1m[35m (11.0ms)[0m  [1m[35mCREATE INDEX "index_comments_on_post_id" ON "comments" ("post_id")[0m
  [1m[36mActiveRecord::SchemaMigration Create (1.0ms)[0m  [1m[32mINSERT INTO "schema_migrations" ("version") VALUES ($1) RETURNING "version"[0m  [["version", "20210806210842"]]
  [1m[36mTRANSACTION (5.4ms)[0m  [1m[35mCOMMIT[0m
  [1m[36mActiveRecord::InternalMetadata Load (1.2ms)[0m  [1m[34mSELECT "ar_internal_metadata".* FROM "ar_internal_metadata" WHERE "ar_internal_metadata"."key" = $1 LIMIT $2[0m  [["key", "environment"], ["LIMIT", 1]]
  [1m[36mTRANSACTION (0.3ms)[0m  [1m[35mBEGIN[0m
  [1m[36mActiveRecord::InternalMetadata Create (1.8ms)[0m  [1m[32mINSERT INTO "ar_internal_metadata" ("key", "value", "created_at", "updated_at") VALUES ($1, $2, $3, $4) RETURNING "key"[0m  [["key", "environment"], ["value", "development"], ["created_at", "2021-08-06 21:15:47.126523"], ["updated_at", "2021-08-06 21:15:47.126523"]]
  [1m[36mTRANSACTION (4.7ms)[0m  [1m[35mCOMMIT[0m
  [1m[35m (0.9ms)[0m  [1m[34mSELECT pg_advisory_unlock(6254674692257149515)[0m
  [1m[35m (2.3ms)[0m  [1m[34mSELECT "schema_migrations"."version" FROM "schema_migrations" ORDER BY "schema_migrations"."version" ASC[0m
  [1m[35m (1.1ms)[0m  [1m[34mSELECT "schema_migrations"."version" FROM "schema_migrations" ORDER BY "schema_migrations"."version" ASC[0m
  [1m[36mTRANSACTION (0.7ms)[0m  [1m[35mBEGIN[0m
  [1m[36mUser Exists? (2.3ms)[0m  [1m[34mSELECT 1 AS one FROM "users" WHERE "users"."email" = $1 LIMIT $2[0m  [["email", "saim@abc.com"], ["LIMIT", 1]]
  [1m[36mUser Create (1.5ms)[0m  [1m[32mINSERT INTO "users" ("name", "email", "password", "created_at", "updated_at") VALUES ($1, $2, $3, $4, $5) RETURNING "id"[0m  [["name", "saim"], ["email", "saim@abc.com"], ["password", "password"], ["created_at", "2021-08-06 21:20:03.882115"], ["updated_at", "2021-08-06 21:20:03.882115"]]
  [1m[36mTRANSACTION (16.0ms)[0m  [1m[35mCOMMIT[0m
  [1m[36mTRANSACTION (0.5ms)[0m  [1m[35mBEGIN[0m
  [1m[36mUser Exists? (1.1ms)[0m  [1m[34mSELECT 1 AS one FROM "users" WHERE "users"."email" = $1 LIMIT $2[0m  [["email", "saif@abc.com"], ["LIMIT", 1]]
  [1m[36mUser Create (0.9ms)[0m  [1m[32mINSERT INTO "users" ("name", "email", "password", "created_at", "updated_at") VALUES ($1, $2, $3, $4, $5) RETURNING "id"[0m  [["name", "saif"], ["email", "saif@abc.com"], ["password", "password"], ["created_at", "2021-08-06 21:20:03.916467"], ["updated_at", "2021-08-06 21:20:03.916467"]]
  [1m[36mTRANSACTION (4.3ms)[0m  [1m[35mCOMMIT[0m
  [1m[36mTRANSACTION (0.5ms)[0m  [1m[35mBEGIN[0m
  [1m[36mUser Exists? (1.0ms)[0m  [1m[34mSELECT 1 AS one FROM "users" WHERE "users"."email" = $1 LIMIT $2[0m  [["email", "zagham@abc.com"], ["LIMIT", 1]]
  [1m[36mUser Create (1.0ms)[0m  [1m[32mINSERT INTO "users" ("name", "email", "password", "created_at", "updated_at") VALUES ($1, $2, $3, $4, $5) RETURNING "id"[0m  [["name", "zagham"], ["email", "zagham@abc.com"], ["password", "password"], ["created_at", "2021-08-06 21:20:03.935526"], ["updated_at", "2021-08-06 21:20:03.935526"]]
  [1m[36mTRANSACTION (5.0ms)[0m  [1m[35mCOMMIT[0m
  [1m[35m (1.8ms)[0m  [1m[34mSELECT "schema_migrations"."version" FROM "schema_migrations" ORDER BY "schema_migrations"."version" ASC[0m
  [1m[36mTRANSACTION (0.7ms)[0m  [1m[35mBEGIN[0m
  [1m[36mUser Exists? (2.0ms)[0m  [1m[34mSELECT 1 AS one FROM "users" WHERE "users"."email" = $1 LIMIT $2[0m  [["email", "saim@abc.com"], ["LIMIT", 1]]
  [1m[36mTRANSACTION (0.7ms)[0m  [1m[31mROLLBACK[0m
  [1m[36mTRANSACTION (0.4ms)[0m  [1m[35mBEGIN[0m
  [1m[36mUser Exists? (1.1ms)[0m  [1m[34mSELECT 1 AS one FROM "users" WHERE "users"."email" = $1 LIMIT $2[0m  [["email", "saif@abc.com"], ["LIMIT", 1]]
  [1m[36mTRANSACTION (0.8ms)[0m  [1m[31mROLLBACK[0m
  [1m[36mTRANSACTION (0.7ms)[0m  [1m[35mBEGIN[0m
  [1m[36mUser Exists? (1.0ms)[0m  [1m[34mSELECT 1 AS one FROM "users" WHERE "users"."email" = $1 LIMIT $2[0m  [["email", "zagham@abc.com"], ["LIMIT", 1]]
  [1m[36mTRANSACTION (0.8ms)[0m  [1m[31mROLLBACK[0m
  [1m[35m (1.8ms)[0m  [1m[34mSELECT "schema_migrations"."version" FROM "schema_migrations" ORDER BY "schema_migrations"."version" ASC[0m
  [1m[36mTRANSACTION (0.3ms)[0m  [1m[35mBEGIN[0m
  [1m[36mUser Exists? (1.5ms)[0m  [1m[34mSELECT 1 AS one FROM "users" WHERE "users"."email" = $1 LIMIT $2[0m  [["email", "saim@abc.com"], ["LIMIT", 1]]
  [1m[36mTRANSACTION (0.3ms)[0m  [1m[31mROLLBACK[0m
  [1m[36mTRANSACTION (0.3ms)[0m  [1m[35mBEGIN[0m
  [1m[36mUser Exists? (0.6ms)[0m  [1m[34mSELECT 1 AS one FROM "users" WHERE "users"."email" = $1 LIMIT $2[0m  [["email", "saif@abc.com"], ["LIMIT", 1]]
  [1m[36mTRANSACTION (0.3ms)[0m  [1m[31mROLLBACK[0m
  [1m[36mTRANSACTION (0.2ms)[0m  [1m[35mBEGIN[0m
  [1m[36mUser Exists? (0.6ms)[0m  [1m[34mSELECT 1 AS one FROM "users" WHERE "users"."email" = $1 LIMIT $2[0m  [["email", "zagham@abc.com"], ["LIMIT", 1]]
  [1m[36mTRANSACTION (0.3ms)[0m  [1m[31mROLLBACK[0m
  [1m[36mTRANSACTION (1.0ms)[0m  [1m[35mBEGIN[0m
  [1m[36mUser Load (0.9ms)[0m  [1m[34mSELECT "users".* FROM "users" WHERE "users"."id" = $1 LIMIT $2[0m  [["id", 1], ["LIMIT", 1]]
  [1m[36mPost Create (35.8ms)[0m  [1m[32mINSERT INTO "posts" ("title", "description", "creator_id", "created_at", "updated_at") VALUES ($1, $2, $3, $4, $5) RETURNING "id"[0m  [["title", "abc"], ["description", "abcd"], ["creator_id", 1], ["created_at", "2021-08-06 21:21:10.630803"], ["updated_at", "2021-08-06 21:21:10.630803"]]
  [1m[36mTRANSACTION (5.8ms)[0m  [1m[35mCOMMIT[0m
  [1m[36mTRANSACTION (0.5ms)[0m  [1m[35mBEGIN[0m
  [1m[36mUser Load (1.2ms)[0m  [1m[34mSELECT "users".* FROM "users" WHERE "users"."id" = $1 LIMIT $2[0m  [["id", 1], ["LIMIT", 1]]
  [1m[36mPost Create (1.5ms)[0m  [1m[32mINSERT INTO "posts" ("title", "description", "creator_id", "created_at", "updated_at") VALUES ($1, $2, $3, $4, $5) RETURNING "id"[0m  [["title", "dfg"], ["description", "dfgh"], ["creator_id", 1], ["created_at", "2021-08-06 21:21:10.695291"], ["updated_at", "2021-08-06 21:21:10.695291"]]
  [1m[36mTRANSACTION (5.2ms)[0m  [1m[35mCOMMIT[0m
  [1m[36mTRANSACTION (0.7ms)[0m  [1m[35mBEGIN[0m
  [1m[36mUser Load (1.3ms)[0m  [1m[34mSELECT "users".* FROM "users" WHERE "users"."id" = $1 LIMIT $2[0m  [["id", 2], ["LIMIT", 1]]
  [1m[36mPost Create (1.5ms)[0m  [1m[32mINSERT INTO "posts" ("title", "description", "creator_id", "created_at", "updated_at") VALUES ($1, $2, $3, $4, $5) RETURNING "id"[0m  [["title", "abc"], ["description", "abcd"], ["creator_id", 2], ["created_at", "2021-08-06 21:21:10.737839"], ["updated_at", "2021-08-06 21:21:10.737839"]]
  [1m[36mTRANSACTION (4.9ms)[0m  [1m[35mCOMMIT[0m
  [1m[36mTRANSACTION (0.5ms)[0m  [1m[35mBEGIN[0m
  [1m[36mUser Load (0.9ms)[0m  [1m[34mSELECT "users".* FROM "users" WHERE "users"."id" = $1 LIMIT $2[0m  [["id", 2], ["LIMIT", 1]]
  [1m[36mPost Create (1.4ms)[0m  [1m[32mINSERT INTO "posts" ("title", "description", "creator_id", "created_at", "updated_at") VALUES ($1, $2, $3, $4, $5) RETURNING "id"[0m  [["title", "dfg"], ["description", "dfgh"], ["creator_id", 2], ["created_at", "2021-08-06 21:21:10.760673"], ["updated_at", "2021-08-06 21:21:10.760673"]]
  [1m[36mTRANSACTION (4.8ms)[0m  [1m[35mCOMMIT[0m
  [1m[36mTRANSACTION (0.4ms)[0m  [1m[35mBEGIN[0m
  [1m[36mUser Load (0.8ms)[0m  [1m[34mSELECT "users".* FROM "users" WHERE "users"."id" = $1 LIMIT $2[0m  [["id", 3], ["LIMIT", 1]]
  [1m[36mPost Create (1.0ms)[0m  [1m[32mINSERT INTO "posts" ("title", "description", "creator_id", "created_at", "updated_at") VALUES ($1, $2, $3, $4, $5) RETURNING "id"[0m  [["title", "abc"], ["description", "abcd"], ["creator_id", 3], ["created_at", "2021-08-06 21:21:10.784519"], ["updated_at", "2021-08-06 21:21:10.784519"]]
  [1m[36mTRANSACTION (4.1ms)[0m  [1m[35mCOMMIT[0m
  [1m[36mTRANSACTION (0.4ms)[0m  [1m[35mBEGIN[0m
  [1m[36mUser Load (0.9ms)[0m  [1m[34mSELECT "users".* FROM "users" WHERE "users"."id" = $1 LIMIT $2[0m  [["id", 3], ["LIMIT", 1]]
  [1m[36mPost Create (1.5ms)[0m  [1m[32mINSERT INTO "posts" ("title", "description", "creator_id", "created_at", "updated_at") VALUES ($1, $2, $3, $4, $5) RETURNING "id"[0m  [["title", "dfg"], ["description", "dfgh"], ["creator_id", 3], ["created_at", "2021-08-06 21:21:10.807330"], ["updated_at", "2021-08-06 21:21:10.807330"]]
  [1m[36mTRANSACTION (4.8ms)[0m  [1m[35mCOMMIT[0m
  [1m[36mTRANSACTION (0.9ms)[0m  [1m[35mBEGIN[0m
  [1m[36mUser Load (0.6ms)[0m  [1m[34mSELECT "users".* FROM "users" WHERE "users"."id" = $1 LIMIT $2[0m  [["id", 1], ["LIMIT", 1]]
  [1m[36mPost Load (0.9ms)[0m  [1m[34mSELECT "posts".* FROM "posts" WHERE "posts"."id" = $1 LIMIT $2[0m  [["id", 1], ["LIMIT", 1]]
  [1m[36mComment Create (6.6ms)[0m  [1m[32mINSERT INTO "comments" ("message", "user_id", "post_id", "created_at", "updated_at") VALUES ($1, $2, $3, $4, $5) RETURNING "id"[0m  [["message", "hello world"], ["user_id", 1], ["post_id", 1], ["created_at", "2021-08-06 21:21:10.865600"], ["updated_at", "2021-08-06 21:21:10.865600"]]
  [1m[36mTRANSACTION (7.3ms)[0m  [1m[35mCOMMIT[0m
  [1m[36mTRANSACTION (0.7ms)[0m  [1m[35mBEGIN[0m
  [1m[36mUser Load (0.4ms)[0m  [1m[34mSELECT "users".* FROM "users" WHERE "users"."id" = $1 LIMIT $2[0m  [["id", 2], ["LIMIT", 1]]
  [1m[36mPost Load (1.0ms)[0m  [1m[34mSELECT "posts".* FROM "posts" WHERE "posts"."id" = $1 LIMIT $2[0m  [["id", 1], ["LIMIT", 1]]
  [1m[36mComment Create (1.6ms)[0m  [1m[32mINSERT INTO "comments" ("message", "user_id", "post_id", "created_at", "updated_at") VALUES ($1, $2, $3, $4, $5) RETURNING "id"[0m  [["message", "hello world"], ["user_id", 2], ["post_id", 1], ["created_at", "2021-08-06 21:21:10.900854"], ["updated_at", "2021-08-06 21:21:10.900854"]]
  [1m[36mTRANSACTION (5.1ms)[0m  [1m[35mCOMMIT[0m
  [1m[36mTRANSACTION (0.3ms)[0m  [1m[35mBEGIN[0m
  [1m[36mUser Load (0.4ms)[0m  [1m[34mSELECT "users".* FROM "users" WHERE "users"."id" = $1 LIMIT $2[0m  [["id", 3], ["LIMIT", 1]]
  [1m[36mPost Load (0.9ms)[0m  [1m[34mSELECT "posts".* FROM "posts" WHERE "posts"."id" = $1 LIMIT $2[0m  [["id", 1], ["LIMIT", 1]]
  [1m[36mComment Create (1.3ms)[0m  [1m[32mINSERT INTO "comments" ("message", "user_id", "post_id", "created_at", "updated_at") VALUES ($1, $2, $3, $4, $5) RETURNING "id"[0m  [["message", "hello world"], ["user_id", 3], ["post_id", 1], ["created_at", "2021-08-06 21:21:10.927899"], ["updated_at", "2021-08-06 21:21:10.927899"]]
  [1m[36mTRANSACTION (4.5ms)[0m  [1m[35mCOMMIT[0m
  [1m[36mUser Load (1.2ms)[0m  [1m[34mSELECT "users".* FROM "users" ORDER BY "users"."id" ASC LIMIT $1[0m  [["LIMIT", 1]]
  [1m[36mPost Load (1.4ms)[0m  [1m[34mSELECT "posts".* FROM "posts" WHERE "posts"."creator_id" = $1 /* loading for inspect */ LIMIT $2[0m  [["creator_id", 1], ["LIMIT", 11]]
  [1m[36mComment Load (1.8ms)[0m  [1m[34mSELECT "comments".* FROM "comments" WHERE "comments"."user_id" = $1 /* loading for inspect */ LIMIT $2[0m  [["user_id", 1], ["LIMIT", 11]]
  [1m[36mPost Load (0.5ms)[0m  [1m[34mSELECT "posts".* FROM "posts" ORDER BY "posts"."id" ASC LIMIT $1[0m  [["LIMIT", 1]]
  [1m[36mUser Load (1.1ms)[0m  [1m[34mSELECT "users".* FROM "users" WHERE "users"."id" = $1 LIMIT $2[0m  [["id", 1], ["LIMIT", 1]]
  [1m[36mComment Load (0.7ms)[0m  [1m[34mSELECT "comments".* FROM "comments" WHERE "comments"."post_id" = $1 /* loading for inspect */ LIMIT $2[0m  [["post_id", 1], ["LIMIT", 11]]
Started POST "/posts" for ::1 at 2021-08-07 02:30:58 +0500
  [1m[35m (1.6ms)[0m  [1m[34mSELECT "schema_migrations"."version" FROM "schema_migrations" ORDER BY "schema_migrations"."version" ASC[0m
  
SyntaxError (/home/saim/ruby on rails/devsloop/social_api/app/controllers/posts_controller.rb:16: syntax error, unexpected local variable or method, expecting ')'
        meta: { error_message: post.error...
        ^~~~
/home/saim/ruby on rails/devsloop/social_api/app/controllers/posts_controller.rb:17: syntax error, unexpected ')', expecting `end'
      )
      ^
/home/saim/ruby on rails/devsloop/social_api/app/controllers/posts_controller.rb:27: syntax error, unexpected local variable or method, expecting ')'
        meta: { error_message: @post.erro...
        ^~~~
/home/saim/ruby on rails/devsloop/social_api/app/controllers/posts_controller.rb:28: syntax error, unexpected ')', expecting `end'
      )    
      ^
/home/saim/ruby on rails/devsloop/social_api/app/controllers/posts_controller.rb:38: syntax error, unexpected local variable or method, expecting ')'
        meta: { error_message: @post.erro...
        ^~~~
/home/saim/ruby on rails/devsloop/social_api/app/controllers/posts_controller.rb:39: syntax error, unexpected ')', expecting `end'
      )    
      ^
/home/saim/ruby on rails/devsloop/social_api/app/controllers/posts_controller.rb:52: syntax error, unexpected end-of-input, expecting `end'):
  
app/controllers/posts_controller.rb:16: syntax error, unexpected local variable or method, expecting ')'
app/controllers/posts_controller.rb:17: syntax error, unexpected ')', expecting `end'
app/controllers/posts_controller.rb:27: syntax error, unexpected local variable or method, expecting ')'
app/controllers/posts_controller.rb:28: syntax error, unexpected ')', expecting `end'
app/controllers/posts_controller.rb:38: syntax error, unexpected local variable or method, expecting ')'
app/controllers/posts_controller.rb:39: syntax error, unexpected ')', expecting `end'
app/controllers/posts_controller.rb:52: syntax error, unexpected end-of-input, expecting `end'
app/controllers/posts_controller.rb:16: syntax error, unexpected local variable or method, expecting ')'
app/controllers/posts_controller.rb:17: syntax error, unexpected ')', expecting `end'
app/controllers/posts_controller.rb:27: syntax error, unexpected local variable or method, expecting ')'
app/controllers/posts_controller.rb:28: syntax error, unexpected ')', expecting `end'
app/controllers/posts_controller.rb:38: syntax error, unexpected local variable or method, expecting ')'
app/controllers/posts_controller.rb:39: syntax error, unexpected ')', expecting `end'
app/controllers/posts_controller.rb:52: syntax error, unexpected end-of-input, expecting `end'
Started POST "/posts" for ::1 at 2021-08-07 02:32:54 +0500
  
SyntaxError (/home/saim/ruby on rails/devsloop/social_api/app/controllers/posts_controller.rb:27: syntax error, unexpected local variable or method, expecting ')'
        meta: { error_message: @post.erro...
        ^~~~
/home/saim/ruby on rails/devsloop/social_api/app/controllers/posts_controller.rb:28: syntax error, unexpected ')', expecting `end'
      )    
      ^
/home/saim/ruby on rails/devsloop/social_api/app/controllers/posts_controller.rb:38: syntax error, unexpected local variable or method, expecting ')'
        meta: { error_message: @post.erro...
        ^~~~
/home/saim/ruby on rails/devsloop/social_api/app/controllers/posts_controller.rb:39: syntax error, unexpected ')', expecting `end'
      )    
      ^
/home/saim/ruby on rails/devsloop/social_api/app/controllers/posts_controller.rb:52: syntax error, unexpected end-of-input, expecting `end'):
  
app/controllers/posts_controller.rb:27: syntax error, unexpected local variable or method, expecting ')'
app/controllers/posts_controller.rb:28: syntax error, unexpected ')', expecting `end'
app/controllers/posts_controller.rb:38: syntax error, unexpected local variable or method, expecting ')'
app/controllers/posts_controller.rb:39: syntax error, unexpected ')', expecting `end'
app/controllers/posts_controller.rb:52: syntax error, unexpected end-of-input, expecting `end'
app/controllers/posts_controller.rb:27: syntax error, unexpected local variable or method, expecting ')'
app/controllers/posts_controller.rb:28: syntax error, unexpected ')', expecting `end'
app/controllers/posts_controller.rb:38: syntax error, unexpected local variable or method, expecting ')'
app/controllers/posts_controller.rb:39: syntax error, unexpected ')', expecting `end'
app/controllers/posts_controller.rb:52: syntax error, unexpected end-of-input, expecting `end'
Started POST "/posts" for ::1 at 2021-08-07 02:33:44 +0500
  
SyntaxError (/home/saim/ruby on rails/devsloop/social_api/app/controllers/posts_controller.rb:27: syntax error, unexpected local variable or method, expecting ')'
        meta: { error_message: @post.erro...
        ^~~~
/home/saim/ruby on rails/devsloop/social_api/app/controllers/posts_controller.rb:28: syntax error, unexpected ')', expecting `end'
      )    
      ^
/home/saim/ruby on rails/devsloop/social_api/app/controllers/posts_controller.rb:38: syntax error, unexpected local variable or method, expecting ')'
        meta: { error_message: @post.erro...
        ^~~~
/home/saim/ruby on rails/devsloop/social_api/app/controllers/posts_controller.rb:39: syntax error, unexpected ')', expecting `end'
      )    
      ^
/home/saim/ruby on rails/devsloop/social_api/app/controllers/posts_controller.rb:52: syntax error, unexpected end-of-input, expecting `end'):
  
app/controllers/posts_controller.rb:27: syntax error, unexpected local variable or method, expecting ')'
app/controllers/posts_controller.rb:28: syntax error, unexpected ')', expecting `end'
app/controllers/posts_controller.rb:38: syntax error, unexpected local variable or method, expecting ')'
app/controllers/posts_controller.rb:39: syntax error, unexpected ')', expecting `end'
app/controllers/posts_controller.rb:52: syntax error, unexpected end-of-input, expecting `end'
app/controllers/posts_controller.rb:27: syntax error, unexpected local variable or method, expecting ')'
app/controllers/posts_controller.rb:28: syntax error, unexpected ')', expecting `end'
app/controllers/posts_controller.rb:38: syntax error, unexpected local variable or method, expecting ')'
app/controllers/posts_controller.rb:39: syntax error, unexpected ')', expecting `end'
app/controllers/posts_controller.rb:52: syntax error, unexpected end-of-input, expecting `end'
Started POST "/posts" for ::1 at 2021-08-07 02:34:28 +0500
  
SyntaxError (/home/saim/ruby on rails/devsloop/social_api/app/controllers/posts_controller.rb:28: syntax error, unexpected local variable or method, expecting ')'
        meta: { error_message: @post.erro...
        ^~~~
/home/saim/ruby on rails/devsloop/social_api/app/controllers/posts_controller.rb:29: syntax error, unexpected ')', expecting `end'
      )    
      ^
/home/saim/ruby on rails/devsloop/social_api/app/controllers/posts_controller.rb:39: syntax error, unexpected local variable or method, expecting ')'
        meta: { error_message: @post.erro...
        ^~~~
/home/saim/ruby on rails/devsloop/social_api/app/controllers/posts_controller.rb:40: syntax error, unexpected ')', expecting `end'
      )    
      ^
/home/saim/ruby on rails/devsloop/social_api/app/controllers/posts_controller.rb:53: syntax error, unexpected end-of-input, expecting `end'):
  
app/controllers/posts_controller.rb:28: syntax error, unexpected local variable or method, expecting ')'
app/controllers/posts_controller.rb:29: syntax error, unexpected ')', expecting `end'
app/controllers/posts_controller.rb:39: syntax error, unexpected local variable or method, expecting ')'
app/controllers/posts_controller.rb:40: syntax error, unexpected ')', expecting `end'
app/controllers/posts_controller.rb:53: syntax error, unexpected end-of-input, expecting `end'
app/controllers/posts_controller.rb:28: syntax error, unexpected local variable or method, expecting ')'
app/controllers/posts_controller.rb:29: syntax error, unexpected ')', expecting `end'
app/controllers/posts_controller.rb:39: syntax error, unexpected local variable or method, expecting ')'
app/controllers/posts_controller.rb:40: syntax error, unexpected ')', expecting `end'
app/controllers/posts_controller.rb:53: syntax error, unexpected end-of-input, expecting `end'
Started POST "/posts" for ::1 at 2021-08-07 02:35:56 +0500
  
SyntaxError (/home/saim/ruby on rails/devsloop/social_api/app/controllers/posts_controller.rb:28: syntax error, unexpected local variable or method, expecting ')'
        meta: { error_message: @post.erro...
        ^~~~
/home/saim/ruby on rails/devsloop/social_api/app/controllers/posts_controller.rb:29: syntax error, unexpected ')', expecting `end'
      )    
      ^
/home/saim/ruby on rails/devsloop/social_api/app/controllers/posts_controller.rb:39: syntax error, unexpected local variable or method, expecting ')'
        meta: { error_message: @post.erro...
        ^~~~
/home/saim/ruby on rails/devsloop/social_api/app/controllers/posts_controller.rb:40: syntax error, unexpected ')', expecting `end'
      )    
      ^
/home/saim/ruby on rails/devsloop/social_api/app/controllers/posts_controller.rb:53: syntax error, unexpected end-of-input, expecting `end'):
  
app/controllers/posts_controller.rb:28: syntax error, unexpected local variable or method, expecting ')'
app/controllers/posts_controller.rb:29: syntax error, unexpected ')', expecting `end'
app/controllers/posts_controller.rb:39: syntax error, unexpected local variable or method, expecting ')'
app/controllers/posts_controller.rb:40: syntax error, unexpected ')', expecting `end'
app/controllers/posts_controller.rb:53: syntax error, unexpected end-of-input, expecting `end'
app/controllers/posts_controller.rb:28: syntax error, unexpected local variable or method, expecting ')'
app/controllers/posts_controller.rb:29: syntax error, unexpected ')', expecting `end'
app/controllers/posts_controller.rb:39: syntax error, unexpected local variable or method, expecting ')'
app/controllers/posts_controller.rb:40: syntax error, unexpected ')', expecting `end'
app/controllers/posts_controller.rb:53: syntax error, unexpected end-of-input, expecting `end'
Started POST "/posts" for ::1 at 2021-08-07 02:36:11 +0500
  
SyntaxError (/home/saim/ruby on rails/devsloop/social_api/app/controllers/posts_controller.rb:28: syntax error, unexpected local variable or method, expecting ')'
        meta: { error_message: @post.erro...
        ^~~~
/home/saim/ruby on rails/devsloop/social_api/app/controllers/posts_controller.rb:29: syntax error, unexpected ')', expecting `end'
      )    
      ^
/home/saim/ruby on rails/devsloop/social_api/app/controllers/posts_controller.rb:39: syntax error, unexpected local variable or method, expecting ')'
        meta: { error_message: @post.erro...
        ^~~~
/home/saim/ruby on rails/devsloop/social_api/app/controllers/posts_controller.rb:40: syntax error, unexpected ')', expecting `end'
      )    
      ^
/home/saim/ruby on rails/devsloop/social_api/app/controllers/posts_controller.rb:53: syntax error, unexpected end-of-input, expecting `end'):
  
app/controllers/posts_controller.rb:28: syntax error, unexpected local variable or method, expecting ')'
app/controllers/posts_controller.rb:29: syntax error, unexpected ')', expecting `end'
app/controllers/posts_controller.rb:39: syntax error, unexpected local variable or method, expecting ')'
app/controllers/posts_controller.rb:40: syntax error, unexpected ')', expecting `end'
app/controllers/posts_controller.rb:53: syntax error, unexpected end-of-input, expecting `end'
app/controllers/posts_controller.rb:28: syntax error, unexpected local variable or method, expecting ')'
app/controllers/posts_controller.rb:29: syntax error, unexpected ')', expecting `end'
app/controllers/posts_controller.rb:39: syntax error, unexpected local variable or method, expecting ')'
app/controllers/posts_controller.rb:40: syntax error, unexpected ')', expecting `end'
app/controllers/posts_controller.rb:53: syntax error, unexpected end-of-input, expecting `end'
Started POST "/posts" for ::1 at 2021-08-07 02:37:17 +0500
Processing by PostsController#create as */*
  Parameters: {"title"=>"\"saim\"", "description"=>"\"xyz\""}
  [1m[36mUser Load (0.9ms)[0m  [1m[34mSELECT "users".* FROM "users" ORDER BY "users"."id" ASC LIMIT $1[0m  [["LIMIT", 1]]
  ↳ app/controllers/application_controller.rb:5:in `current_user'
Completed 400 Bad Request in 22415ms (ActiveRecord: 12.2ms | Allocations: 63071)


  
ActionController::ParameterMissing (param is missing or the value is empty: post
Did you mean?  controller
               description
               title
               action):
  
app/controllers/posts_controller.rb:47:in `post_params'
app/controllers/posts_controller.rb:10:in `create'
Started POST "/posts" for ::1 at 2021-08-07 02:38:12 +0500
Processing by PostsController#create as */*
  Parameters: {"post"=>{"title"=>"\"saim\"", "description"=>"\"xyz\""}}
  [1m[36mUser Load (0.9ms)[0m  [1m[34mSELECT "users".* FROM "users" ORDER BY "users"."id" ASC LIMIT $1[0m  [["LIMIT", 1]]
  ↳ app/controllers/application_controller.rb:5:in `current_user'
  [1m[36mTRANSACTION (0.4ms)[0m  [1m[35mBEGIN[0m
  ↳ app/controllers/posts_controller.rb:12:in `create'
  [1m[36mUser Load (1.2ms)[0m  [1m[34mSELECT "users".* FROM "users" WHERE "users"."id" = $1 LIMIT $2[0m  [["id", 1], ["LIMIT", 1]]
  ↳ app/controllers/posts_controller.rb:12:in `create'
  [1m[36mPost Create (2.1ms)[0m  [1m[32mINSERT INTO "posts" ("title", "description", "creator_id", "created_at", "updated_at") VALUES ($1, $2, $3, $4, $5) RETURNING "id"[0m  [["title", "\"saim\""], ["description", "\"xyz\""], ["creator_id", 1], ["created_at", "2021-08-06 21:38:38.416531"], ["updated_at", "2021-08-06 21:38:38.416531"]]
  ↳ app/controllers/posts_controller.rb:12:in `create'
  [1m[36mTRANSACTION (4.4ms)[0m  [1m[35mCOMMIT[0m
  ↳ app/controllers/posts_controller.rb:12:in `create'
Completed 204 No Content in 26316ms (ActiveRecord: 16.9ms | Allocations: 10155)


Started POST "/posts" for ::1 at 2021-08-07 02:38:52 +0500
Processing by PostsController#create as */*
  Parameters: {"post"=>{"title"=>"saim", "description"=>"xyz"}}
  [1m[36mUser Load (1.0ms)[0m  [1m[34mSELECT "users".* FROM "users" ORDER BY "users"."id" ASC LIMIT $1[0m  [["LIMIT", 1]]
  ↳ app/controllers/application_controller.rb:5:in `current_user'
  [1m[36mTRANSACTION (1.0ms)[0m  [1m[35mBEGIN[0m
  ↳ app/controllers/posts_controller.rb:12:in `create'
  [1m[36mUser Load (0.8ms)[0m  [1m[34mSELECT "users".* FROM "users" WHERE "users"."id" = $1 LIMIT $2[0m  [["id", 1], ["LIMIT", 1]]
  ↳ app/controllers/posts_controller.rb:12:in `create'
  [1m[36mPost Create (0.9ms)[0m  [1m[32mINSERT INTO "posts" ("title", "description", "creator_id", "created_at", "updated_at") VALUES ($1, $2, $3, $4, $5) RETURNING "id"[0m  [["title", "saim"], ["description", "xyz"], ["creator_id", 1], ["created_at", "2021-08-06 21:39:00.629426"], ["updated_at", "2021-08-06 21:39:00.629426"]]
  ↳ app/controllers/posts_controller.rb:12:in `create'
  [1m[36mTRANSACTION (4.9ms)[0m  [1m[35mCOMMIT[0m
  ↳ app/controllers/posts_controller.rb:12:in `create'
Completed 204 No Content in 7959ms (ActiveRecord: 8.6ms | Allocations: 4967)


Started POST "/posts" for ::1 at 2021-08-07 02:41:42 +0500
  
SyntaxError (/home/saim/ruby on rails/devsloop/social_api/app/controllers/posts_controller.rb:13: syntax error, unexpected ':', expecting '}'
      render {json: post}
                  ^
/home/saim/ruby on rails/devsloop/social_api/app/controllers/posts_controller.rb:54: syntax error, unexpected end-of-input, expecting `end'):
  
app/controllers/posts_controller.rb:13: syntax error, unexpected ':', expecting '}'
app/controllers/posts_controller.rb:54: syntax error, unexpected end-of-input, expecting `end'
app/controllers/posts_controller.rb:13: syntax error, unexpected ':', expecting '}'
app/controllers/posts_controller.rb:54: syntax error, unexpected end-of-input, expecting `end'
Started POST "/posts" for ::1 at 2021-08-07 02:42:12 +0500
Processing by PostsController#create as */*
  Parameters: {"post"=>{"title"=>"saim", "description"=>"xyz"}}
  [1m[36mUser Load (0.9ms)[0m  [1m[34mSELECT "users".* FROM "users" ORDER BY "users"."id" ASC LIMIT $1[0m  [["LIMIT", 1]]
  ↳ app/controllers/application_controller.rb:5:in `current_user'
  [1m[36mTRANSACTION (0.6ms)[0m  [1m[35mBEGIN[0m
  ↳ app/controllers/posts_controller.rb:11:in `create'
  [1m[36mUser Load (0.5ms)[0m  [1m[34mSELECT "users".* FROM "users" WHERE "users"."id" = $1 LIMIT $2[0m  [["id", 1], ["LIMIT", 1]]
  ↳ app/controllers/posts_controller.rb:11:in `create'
  [1m[36mPost Create (0.8ms)[0m  [1m[32mINSERT INTO "posts" ("title", "description", "creator_id", "created_at", "updated_at") VALUES ($1, $2, $3, $4, $5) RETURNING "id"[0m  [["title", "saim"], ["description", "xyz"], ["creator_id", 1], ["created_at", "2021-08-06 21:42:12.846016"], ["updated_at", "2021-08-06 21:42:12.846016"]]
  ↳ app/controllers/posts_controller.rb:11:in `create'
  [1m[36mTRANSACTION (4.2ms)[0m  [1m[35mCOMMIT[0m
  ↳ app/controllers/posts_controller.rb:11:in `create'
Completed 200 OK in 83ms (Views: 0.8ms | ActiveRecord: 25.4ms | Allocations: 10913)


Started POST "/posts" for ::1 at 2021-08-07 02:43:02 +0500
Processing by PostsController#create as */*
  Parameters: {"post"=>{"title"=>"saim", "description"=>""}}
  [1m[36mUser Load (0.8ms)[0m  [1m[34mSELECT "users".* FROM "users" ORDER BY "users"."id" ASC LIMIT $1[0m  [["LIMIT", 1]]
  ↳ app/controllers/application_controller.rb:5:in `current_user'
  [1m[36mTRANSACTION (0.4ms)[0m  [1m[35mBEGIN[0m
  ↳ app/controllers/posts_controller.rb:11:in `create'
  [1m[36mUser Load (0.6ms)[0m  [1m[34mSELECT "users".* FROM "users" WHERE "users"."id" = $1 LIMIT $2[0m  [["id", 1], ["LIMIT", 1]]
  ↳ app/controllers/posts_controller.rb:11:in `create'
  [1m[36mTRANSACTION (0.3ms)[0m  [1m[31mROLLBACK[0m
  ↳ app/controllers/posts_controller.rb:11:in `create'
Completed 200 OK in 390ms (Views: 0.4ms | ActiveRecord: 13.7ms | Allocations: 12952)


Started DELETE "/posts/1" for ::1 at 2021-08-07 02:45:07 +0500
Processing by PostsController#destroy as */*
  Parameters: {"post"=>{"title"=>"saim", "description"=>""}, "id"=>"1"}
  [1m[36mPost Load (0.8ms)[0m  [1m[34mSELECT "posts".* FROM "posts" WHERE "posts"."id" = $1 LIMIT $2[0m  [["id", 1], ["LIMIT", 1]]
  ↳ app/controllers/posts_controller.rb:41:in `set_post'
Completed 500 Internal Server Error in 29ms (ActiveRecord: 8.2ms | Allocations: 4181)


  
ArgumentError (wrong number of arguments (given 1, expected 0)):
  
app/controllers/posts_controller.rb:27:in `destroy'
Started DELETE "/posts/1" for ::1 at 2021-08-07 02:46:04 +0500
Processing by PostsController#destroy as */*
  Parameters: {"post"=>{"title"=>"saim", "description"=>""}, "id"=>"1"}
  [1m[36mPost Load (0.7ms)[0m  [1m[34mSELECT "posts".* FROM "posts" WHERE "posts"."id" = $1 LIMIT $2[0m  [["id", 1], ["LIMIT", 1]]
  ↳ app/controllers/posts_controller.rb:41:in `set_post'
  [1m[36mTRANSACTION (0.6ms)[0m  [1m[35mBEGIN[0m
  ↳ app/controllers/posts_controller.rb:27:in `destroy'
  [1m[36mPost Destroy (3.3ms)[0m  [1m[31mDELETE FROM "posts" WHERE "posts"."id" = $1[0m  [["id", 1]]
  ↳ app/controllers/posts_controller.rb:27:in `destroy'
  [1m[36mTRANSACTION (0.3ms)[0m  [1m[31mROLLBACK[0m
  ↳ app/controllers/posts_controller.rb:27:in `destroy'
Completed 500 Internal Server Error in 40ms (ActiveRecord: 13.5ms | Allocations: 5469)


  
ActiveRecord::InvalidForeignKey (PG::ForeignKeyViolation: ERROR:  update or delete on table "posts" violates foreign key constraint "fk_rails_2fd19c0db7" on table "comments"
DETAIL:  Key (id)=(1) is still referenced from table "comments".
):
  
app/controllers/posts_controller.rb:27:in `destroy'
Started DELETE "/posts/1" for ::1 at 2021-08-07 02:47:16 +0500
Processing by PostsController#destroy as */*
  Parameters: {"post"=>{"title"=>"saim", "description"=>""}, "id"=>"1"}
  [1m[36mPost Load (0.6ms)[0m  [1m[34mSELECT "posts".* FROM "posts" WHERE "posts"."id" = $1 LIMIT $2[0m  [["id", 1], ["LIMIT", 1]]
  ↳ app/controllers/posts_controller.rb:41:in `set_post'
  [1m[36mTRANSACTION (0.3ms)[0m  [1m[35mBEGIN[0m
  ↳ app/controllers/posts_controller.rb:27:in `destroy'
  [1m[36mComment Load (0.7ms)[0m  [1m[34mSELECT "comments".* FROM "comments" WHERE "comments"."post_id" = $1[0m  [["post_id", 1]]
  ↳ app/controllers/posts_controller.rb:27:in `destroy'
  [1m[36mComment Destroy (1.6ms)[0m  [1m[31mDELETE FROM "comments" WHERE "comments"."id" = $1[0m  [["id", 1]]
  ↳ app/controllers/posts_controller.rb:27:in `destroy'
  [1m[36mComment Destroy (0.9ms)[0m  [1m[31mDELETE FROM "comments" WHERE "comments"."id" = $1[0m  [["id", 2]]
  ↳ app/controllers/posts_controller.rb:27:in `destroy'
  [1m[36mComment Destroy (0.7ms)[0m  [1m[31mDELETE FROM "comments" WHERE "comments"."id" = $1[0m  [["id", 3]]
  ↳ app/controllers/posts_controller.rb:27:in `destroy'
  [1m[36mPost Destroy (1.2ms)[0m  [1m[31mDELETE FROM "posts" WHERE "posts"."id" = $1[0m  [["id", 1]]
  ↳ app/controllers/posts_controller.rb:27:in `destroy'
  [1m[36mTRANSACTION (4.9ms)[0m  [1m[35mCOMMIT[0m
  ↳ app/controllers/posts_controller.rb:27:in `destroy'
Completed 200 OK in 102ms (Views: 1.3ms | ActiveRecord: 23.9ms | Allocations: 11727)


Started PATCH "/posts/2" for ::1 at 2021-08-07 02:48:04 +0500
Processing by PostsController#update as */*
  Parameters: {"post"=>{"title"=>"saim", "description"=>":abcdef"}, "id"=>"2"}
  [1m[36mPost Load (0.7ms)[0m  [1m[34mSELECT "posts".* FROM "posts" WHERE "posts"."id" = $1 LIMIT $2[0m  [["id", 2], ["LIMIT", 1]]
  ↳ app/controllers/posts_controller.rb:41:in `set_post'
  [1m[36mTRANSACTION (0.3ms)[0m  [1m[35mBEGIN[0m
  ↳ app/controllers/posts_controller.rb:19:in `update'
  [1m[36mUser Load (0.7ms)[0m  [1m[34mSELECT "users".* FROM "users" WHERE "users"."id" = $1 LIMIT $2[0m  [["id", 1], ["LIMIT", 1]]
  ↳ app/controllers/posts_controller.rb:19:in `update'
  [1m[36mPost Update (0.9ms)[0m  [1m[33mUPDATE "posts" SET "title" = $1, "description" = $2, "updated_at" = $3 WHERE "posts"."id" = $4[0m  [["title", "saim"], ["description", ":abcdef"], ["updated_at", "2021-08-06 21:48:04.127334"], ["id", 2]]
  ↳ app/controllers/posts_controller.rb:19:in `update'
  [1m[36mTRANSACTION (4.4ms)[0m  [1m[35mCOMMIT[0m
  ↳ app/controllers/posts_controller.rb:19:in `update'
Completed 200 OK in 62ms (Views: 1.0ms | ActiveRecord: 12.3ms | Allocations: 8111)


Started PATCH "/posts/4" for ::1 at 2021-08-07 02:50:28 +0500
Processing by PostsController#update as */*
  Parameters: {"post"=>{"title"=>"saim", "description"=>":abcdef"}, "id"=>"4"}
  [1m[36mUser Load (0.7ms)[0m  [1m[34mSELECT "users".* FROM "users" ORDER BY "users"."id" ASC LIMIT $1[0m  [["LIMIT", 1]]
  ↳ app/controllers/application_controller.rb:5:in `current_user'
  [1m[36mPost Load (0.5ms)[0m  [1m[34mSELECT "posts".* FROM "posts" WHERE "posts"."creator_id" = $1 AND "posts"."id" = $2 LIMIT $3[0m  [["creator_id", 1], ["id", 4], ["LIMIT", 1]]
  ↳ app/controllers/posts_controller.rb:41:in `set_post'
Completed 404 Not Found in 42ms (ActiveRecord: 12.5ms | Allocations: 6497)


  
ActiveRecord::RecordNotFound (Couldn't find Post with 'id'=4 [WHERE "posts"."creator_id" = $1]):
  
app/controllers/posts_controller.rb:41:in `set_post'
Started PATCH "/posts/2" for ::1 at 2021-08-07 03:04:50 +0500
  
SyntaxError (/home/saim/ruby on rails/devsloop/social_api/app/controllers/posts_controller.rb:22: syntax error, unexpected '}', expecting =>
...rors.full_messages.to_sentence}, status: 422
...                              ^
):
  
app/controllers/posts_controller.rb:22: syntax error, unexpected '}', expecting =>
app/controllers/posts_controller.rb:22: syntax error, unexpected '}', expecting =>
Started PATCH "/posts/2" for ::1 at 2021-08-07 03:05:41 +0500
Processing by PostsController#update as */*
  Parameters: {"post"=>{"title"=>"saim", "description"=>""}, "id"=>"2"}
  [1m[36mUser Load (1.0ms)[0m  [1m[34mSELECT "users".* FROM "users" ORDER BY "users"."id" ASC LIMIT $1[0m  [["LIMIT", 1]]
  ↳ app/controllers/application_controller.rb:5:in `current_user'
  [1m[36mPost Load (1.1ms)[0m  [1m[34mSELECT "posts".* FROM "posts" WHERE "posts"."creator_id" = $1 AND "posts"."id" = $2 LIMIT $3[0m  [["creator_id", 1], ["id", 2], ["LIMIT", 1]]
  ↳ app/controllers/posts_controller.rb:41:in `set_post'
  [1m[36mTRANSACTION (0.4ms)[0m  [1m[35mBEGIN[0m
  ↳ app/controllers/posts_controller.rb:19:in `update'
  [1m[36mUser Load (0.7ms)[0m  [1m[34mSELECT "users".* FROM "users" WHERE "users"."id" = $1 LIMIT $2[0m  [["id", 1], ["LIMIT", 1]]
  ↳ app/controllers/posts_controller.rb:19:in `update'
  [1m[36mTRANSACTION (0.4ms)[0m  [1m[31mROLLBACK[0m
  ↳ app/controllers/posts_controller.rb:19:in `update'
Completed 422 Unprocessable Entity in 85ms (Views: 0.3ms | ActiveRecord: 17.8ms | Allocations: 12926)


Started GET "/posts" for ::1 at 2021-08-07 09:54:04 +0500
  [1m[35m (5.2ms)[0m  [1m[34mSELECT "schema_migrations"."version" FROM "schema_migrations" ORDER BY "schema_migrations"."version" ASC[0m
Processing by PostsController#index as */*
  Parameters: {"post"=>{"title"=>"saim", "description"=>""}}
Completed 500 Internal Server Error in 53ms (ActiveRecord: 0.0ms | Allocations: 3841)


  
NoMethodError (undefined method `pagy' for #<PostsController:0x00000000006568>):
  
app/controllers/posts_controller.rb:5:in `index'
Started GET "/posts" for ::1 at 2021-08-07 09:57:37 +0500
Processing by PostsController#index as */*
  Parameters: {"post"=>{"title"=>"saim", "description"=>""}}
  [1m[35m (293.9ms)[0m  [1m[34mSELECT COUNT(*) FROM "posts"[0m
  ↳ app/controllers/posts_controller.rb:5:in `index'
  Rendering posts/index.json.jbuilder
  Rendered posts/index.json.jbuilder (Duration: 3.5ms | Allocations: 498)
Completed 200 OK in 407ms (Views: 43.0ms | ActiveRecord: 300.6ms | Allocations: 4318)


Started GET "/posts" for ::1 at 2021-08-07 09:58:51 +0500
Processing by PostsController#index as */*
  Parameters: {"post"=>{"title"=>"saim", "description"=>""}}
  [1m[35m (0.9ms)[0m  [1m[34mSELECT COUNT(*) FROM "posts"[0m
  ↳ app/controllers/posts_controller.rb:5:in `index'
  Rendering posts/index.json.jbuilder
  [1m[36mPost Load (0.4ms)[0m  [1m[34mSELECT "posts".* FROM "posts" LIMIT $1 OFFSET $2[0m  [["LIMIT", 8], ["OFFSET", 0]]
  ↳ app/views/posts/index.json.jbuilder:1
  [1m[36mComment Load (5.1ms)[0m  [1m[34mSELECT "comments".* FROM "comments" WHERE "comments"."post_id" = $1[0m  [["post_id", 3]]
  ↳ app/views/posts/_post.json.jbuilder:5
  Rendered posts/_post.json.jbuilder (Duration: 461.4ms | Allocations: 4686)
  [1m[36mComment Load (0.9ms)[0m  [1m[34mSELECT "comments".* FROM "comments" WHERE "comments"."post_id" = $1[0m  [["post_id", 4]]
  ↳ app/views/posts/_post.json.jbuilder:5
  Rendered posts/_post.json.jbuilder (Duration: 5.4ms | Allocations: 698)
  [1m[36mComment Load (0.8ms)[0m  [1m[34mSELECT "comments".* FROM "comments" WHERE "comments"."post_id" = $1[0m  [["post_id", 5]]
  ↳ app/views/posts/_post.json.jbuilder:5
  Rendered posts/_post.json.jbuilder (Duration: 5.2ms | Allocations: 697)
  [1m[36mComment Load (0.6ms)[0m  [1m[34mSELECT "comments".* FROM "comments" WHERE "comments"."post_id" = $1[0m  [["post_id", 6]]
  ↳ app/views/posts/_post.json.jbuilder:5
  Rendered posts/_post.json.jbuilder (Duration: 4.3ms | Allocations: 697)
  [1m[36mComment Load (0.8ms)[0m  [1m[34mSELECT "comments".* FROM "comments" WHERE "comments"."post_id" = $1[0m  [["post_id", 7]]
  ↳ app/views/posts/_post.json.jbuilder:5
  Rendered posts/_post.json.jbuilder (Duration: 4.4ms | Allocations: 697)
  [1m[36mComment Load (1.3ms)[0m  [1m[34mSELECT "comments".* FROM "comments" WHERE "comments"."post_id" = $1[0m  [["post_id", 8]]
  ↳ app/views/posts/_post.json.jbuilder:5
  Rendered posts/_post.json.jbuilder (Duration: 5.0ms | Allocations: 697)
  [1m[36mComment Load (0.5ms)[0m  [1m[34mSELECT "comments".* FROM "comments" WHERE "comments"."post_id" = $1[0m  [["post_id", 9]]
  ↳ app/views/posts/_post.json.jbuilder:5
  Rendered posts/_post.json.jbuilder (Duration: 3.6ms | Allocations: 697)
  [1m[36mComment Load (0.4ms)[0m  [1m[34mSELECT "comments".* FROM "comments" WHERE "comments"."post_id" = $1[0m  [["post_id", 2]]
  ↳ app/views/posts/_post.json.jbuilder:5
  Rendered posts/_post.json.jbuilder (Duration: 4.2ms | Allocations: 697)
  Rendered posts/index.json.jbuilder (Duration: 524.3ms | Allocations: 14065)
Completed 200 OK in 552ms (Views: 516.8ms | ActiveRecord: 22.7ms | Allocations: 15102)


Started GET "/posts/3" for ::1 at 2021-08-07 09:59:25 +0500
Processing by PostsController#show as */*
  Parameters: {"post"=>{"title"=>"saim", "description"=>""}, "id"=>"3"}
  [1m[36mUser Load (2.7ms)[0m  [1m[34mSELECT "users".* FROM "users" ORDER BY "users"."id" ASC LIMIT $1[0m  [["LIMIT", 1]]
  ↳ app/controllers/application_controller.rb:6:in `current_user'
  [1m[36mPost Load (0.8ms)[0m  [1m[34mSELECT "posts".* FROM "posts" WHERE "posts"."creator_id" = $1 AND "posts"."id" = $2 LIMIT $3[0m  [["creator_id", 1], ["id", 3], ["LIMIT", 1]]
  ↳ app/controllers/posts_controller.rb:43:in `set_post'
Completed 404 Not Found in 56ms (ActiveRecord: 8.7ms | Allocations: 6329)


  
ActiveRecord::RecordNotFound (Couldn't find Post with 'id'=3 [WHERE "posts"."creator_id" = $1]):
  
app/controllers/posts_controller.rb:43:in `set_post'
Started GET "/posts" for ::1 at 2021-08-07 09:59:35 +0500
Processing by PostsController#index as */*
  Parameters: {"post"=>{"title"=>"saim", "description"=>""}}
  [1m[35m (0.7ms)[0m  [1m[34mSELECT COUNT(*) FROM "posts"[0m
  ↳ app/controllers/posts_controller.rb:5:in `index'
  Rendering posts/index.json.jbuilder
  [1m[36mPost Load (1.1ms)[0m  [1m[34mSELECT "posts".* FROM "posts" LIMIT $1 OFFSET $2[0m  [["LIMIT", 8], ["OFFSET", 0]]
  ↳ app/views/posts/index.json.jbuilder:1
  [1m[36mComment Load (0.5ms)[0m  [1m[34mSELECT "comments".* FROM "comments" WHERE "comments"."post_id" = $1[0m  [["post_id", 3]]
  ↳ app/views/posts/_post.json.jbuilder:5
  Rendered posts/_post.json.jbuilder (Duration: 4.4ms | Allocations: 698)
  [1m[36mComment Load (0.6ms)[0m  [1m[34mSELECT "comments".* FROM "comments" WHERE "comments"."post_id" = $1[0m  [["post_id", 4]]
  ↳ app/views/posts/_post.json.jbuilder:5
  Rendered posts/_post.json.jbuilder (Duration: 4.7ms | Allocations: 697)
  [1m[36mComment Load (0.5ms)[0m  [1m[34mSELECT "comments".* FROM "comments" WHERE "comments"."post_id" = $1[0m  [["post_id", 5]]
  ↳ app/views/posts/_post.json.jbuilder:5
  Rendered posts/_post.json.jbuilder (Duration: 4.1ms | Allocations: 697)
  [1m[36mComment Load (0.5ms)[0m  [1m[34mSELECT "comments".* FROM "comments" WHERE "comments"."post_id" = $1[0m  [["post_id", 6]]
  ↳ app/views/posts/_post.json.jbuilder:5
  Rendered posts/_post.json.jbuilder (Duration: 4.0ms | Allocations: 697)
  [1m[36mComment Load (0.4ms)[0m  [1m[34mSELECT "comments".* FROM "comments" WHERE "comments"."post_id" = $1[0m  [["post_id", 7]]
  ↳ app/views/posts/_post.json.jbuilder:5
  Rendered posts/_post.json.jbuilder (Duration: 4.0ms | Allocations: 697)
  [1m[36mComment Load (0.5ms)[0m  [1m[34mSELECT "comments".* FROM "comments" WHERE "comments"."post_id" = $1[0m  [["post_id", 8]]
  ↳ app/views/posts/_post.json.jbuilder:5
  Rendered posts/_post.json.jbuilder (Duration: 3.7ms | Allocations: 697)
  [1m[36mComment Load (0.4ms)[0m  [1m[34mSELECT "comments".* FROM "comments" WHERE "comments"."post_id" = $1[0m  [["post_id", 9]]
  ↳ app/views/posts/_post.json.jbuilder:5
  Rendered posts/_post.json.jbuilder (Duration: 3.9ms | Allocations: 697)
  [1m[36mComment Load (0.4ms)[0m  [1m[34mSELECT "comments".* FROM "comments" WHERE "comments"."post_id" = $1[0m  [["post_id", 2]]
  ↳ app/views/posts/_post.json.jbuilder:5
  Rendered posts/_post.json.jbuilder (Duration: 4.4ms | Allocations: 697)
  Rendered posts/index.json.jbuilder (Duration: 45.0ms | Allocations: 7278)
Completed 200 OK in 51ms (Views: 41.0ms | ActiveRecord: 5.6ms | Allocations: 7950)


  [1m[36mComment Load (2.6ms)[0m  [1m[34mSELECT "comments".* FROM "comments" /* loading for inspect */ LIMIT $1[0m  [["LIMIT", 11]]
  [1m[36mTRANSACTION (0.7ms)[0m  [1m[35mBEGIN[0m
  [1m[36mUser Load (1.3ms)[0m  [1m[34mSELECT "users".* FROM "users" WHERE "users"."id" = $1 LIMIT $2[0m  [["id", 1], ["LIMIT", 1]]
  [1m[36mPost Load (1.4ms)[0m  [1m[34mSELECT "posts".* FROM "posts" WHERE "posts"."id" = $1 LIMIT $2[0m  [["id", 3], ["LIMIT", 1]]
  [1m[36mComment Create (28.6ms)[0m  [1m[32mINSERT INTO "comments" ("message", "user_id", "post_id", "created_at", "updated_at") VALUES ($1, $2, $3, $4, $5) RETURNING "id"[0m  [["message", "abc"], ["user_id", 1], ["post_id", 3], ["created_at", "2021-08-07 05:00:46.653606"], ["updated_at", "2021-08-07 05:00:46.653606"]]
  [1m[36mTRANSACTION (17.1ms)[0m  [1m[35mCOMMIT[0m
Started GET "/posts" for ::1 at 2021-08-07 10:00:50 +0500
Processing by PostsController#index as */*
  Parameters: {"post"=>{"title"=>"saim", "description"=>""}}
  [1m[35m (0.7ms)[0m  [1m[34mSELECT COUNT(*) FROM "posts"[0m
  ↳ app/controllers/posts_controller.rb:5:in `index'
  Rendering posts/index.json.jbuilder
  [1m[36mPost Load (0.6ms)[0m  [1m[34mSELECT "posts".* FROM "posts" LIMIT $1 OFFSET $2[0m  [["LIMIT", 8], ["OFFSET", 0]]
  ↳ app/views/posts/index.json.jbuilder:1
  [1m[36mComment Load (3.3ms)[0m  [1m[34mSELECT "comments".* FROM "comments" WHERE "comments"."post_id" = $1[0m  [["post_id", 3]]
  ↳ app/views/posts/_post.json.jbuilder:5
  Rendered posts/_post.json.jbuilder (Duration: 39.6ms | Allocations: 4224)
  [1m[36mComment Load (0.5ms)[0m  [1m[34mSELECT "comments".* FROM "comments" WHERE "comments"."post_id" = $1[0m  [["post_id", 4]]
  ↳ app/views/posts/_post.json.jbuilder:5
  Rendered posts/_post.json.jbuilder (Duration: 4.5ms | Allocations: 697)
  [1m[36mComment Load (2.1ms)[0m  [1m[34mSELECT "comments".* FROM "comments" WHERE "comments"."post_id" = $1[0m  [["post_id", 5]]
  ↳ app/views/posts/_post.json.jbuilder:5
  Rendered posts/_post.json.jbuilder (Duration: 6.5ms | Allocations: 697)
  [1m[36mComment Load (0.8ms)[0m  [1m[34mSELECT "comments".* FROM "comments" WHERE "comments"."post_id" = $1[0m  [["post_id", 6]]
  ↳ app/views/posts/_post.json.jbuilder:5
  Rendered posts/_post.json.jbuilder (Duration: 4.2ms | Allocations: 697)
  [1m[36mComment Load (0.4ms)[0m  [1m[34mSELECT "comments".* FROM "comments" WHERE "comments"."post_id" = $1[0m  [["post_id", 7]]
  ↳ app/views/posts/_post.json.jbuilder:5
  Rendered posts/_post.json.jbuilder (Duration: 3.5ms | Allocations: 697)
  [1m[36mComment Load (0.4ms)[0m  [1m[34mSELECT "comments".* FROM "comments" WHERE "comments"."post_id" = $1[0m  [["post_id", 8]]
  ↳ app/views/posts/_post.json.jbuilder:5
  Rendered posts/_post.json.jbuilder (Duration: 4.3ms | Allocations: 697)
  [1m[36mComment Load (0.5ms)[0m  [1m[34mSELECT "comments".* FROM "comments" WHERE "comments"."post_id" = $1[0m  [["post_id", 9]]
  ↳ app/views/posts/_post.json.jbuilder:5
  Rendered posts/_post.json.jbuilder (Duration: 3.7ms | Allocations: 697)
  [1m[36mComment Load (0.4ms)[0m  [1m[34mSELECT "comments".* FROM "comments" WHERE "comments"."post_id" = $1[0m  [["post_id", 2]]
  ↳ app/views/posts/_post.json.jbuilder:5
  Rendered posts/_post.json.jbuilder (Duration: 3.7ms | Allocations: 697)
  Rendered posts/index.json.jbuilder (Duration: 79.2ms | Allocations: 10820)
Completed 200 OK in 85ms (Views: 67.9ms | ActiveRecord: 13.2ms | Allocations: 11492)


Started GET "/users" for ::1 at 2021-08-07 10:01:11 +0500
  
ActionController::RoutingError (No route matches [GET] "/users"):
  
Started GET "/users" for ::1 at 2021-08-07 10:01:50 +0500
Processing by UsersController#index as */*
  Parameters: {"post"=>{"title"=>"saim", "description"=>""}}
Completed 500 Internal Server Error in 36ms (ActiveRecord: 0.0ms | Allocations: 4965)


  
NoMethodError (undefined method `filter_user' for #<Class:0x0000557643484978>
Did you mean?  filter_users):
  
app/controllers/users_controller.rb:5:in `index'
Started GET "/users" for ::1 at 2021-08-07 10:02:18 +0500
Processing by UsersController#index as */*
  Parameters: {"post"=>{"title"=>"saim", "description"=>""}}
  [1m[35m (4.7ms)[0m  [1m[34mSELECT COUNT(*) FROM "users"[0m
  ↳ app/controllers/users_controller.rb:5:in `index'
  Rendering users/index.json.jbuilder
  [1m[36mUser Load (0.4ms)[0m  [1m[34mSELECT "users".* FROM "users" LIMIT $1 OFFSET $2[0m  [["LIMIT", 3], ["OFFSET", 0]]
  ↳ app/views/users/index.json.jbuilder:1
  [1m[36mPost Load (1.0ms)[0m  [1m[34mSELECT "posts".* FROM "posts" WHERE "posts"."creator_id" IN ($1, $2, $3)[0m  [["creator_id", 1], ["creator_id", 2], ["creator_id", 3]]
  ↳ app/views/users/index.json.jbuilder:1
  [1m[36mComment Load (0.7ms)[0m  [1m[34mSELECT "comments".* FROM "comments" WHERE "comments"."post_id" IN ($1, $2, $3, $4, $5, $6, $7, $8)[0m  [["post_id", 2], ["post_id", 3], ["post_id", 4], ["post_id", 5], ["post_id", 6], ["post_id", 7], ["post_id", 8], ["post_id", 9]]
  ↳ app/views/users/index.json.jbuilder:1
  Rendered users/_user.json.jbuilder (Duration: 0.7ms | Allocations: 83)
  Rendered users/_user.json.jbuilder (Duration: 0.2ms | Allocations: 21)
  Rendered users/_user.json.jbuilder (Duration: 0.2ms | Allocations: 21)
  Rendered users/index.json.jbuilder (Duration: 396.1ms | Allocations: 12982)
Completed 200 OK in 421ms (Views: 380.5ms | ActiveRecord: 26.6ms | Allocations: 15634)


Started GET "/users/3" for ::1 at 2021-08-07 10:02:31 +0500
Processing by UsersController#show as */*
  Parameters: {"post"=>{"title"=>"saim", "description"=>""}, "id"=>"3"}
  [1m[36mUser Load (0.6ms)[0m  [1m[34mSELECT "users".* FROM "users" WHERE "users"."id" = $1 LIMIT $2[0m  [["id", 3], ["LIMIT", 1]]
  ↳ app/controllers/users_controller.rb:13:in `set_user'
  Rendering users/show.json.jbuilder
  Rendered users/_user.json.jbuilder (Duration: 0.2ms | Allocations: 21)
  Rendered users/show.json.jbuilder (Duration: 3.6ms | Allocations: 187)
Completed 200 OK in 15ms (Views: 7.8ms | ActiveRecord: 0.6ms | Allocations: 1096)


Started GET "/users/3" for ::1 at 2021-08-07 10:03:31 +0500
Processing by UsersController#show as */*
  Parameters: {"post"=>{"title"=>"saim", "description"=>""}, "id"=>"3"}
  [1m[36mUser Load (0.6ms)[0m  [1m[34mSELECT "users".* FROM "users" WHERE "users"."id" = $1 LIMIT $2[0m  [["id", 3], ["LIMIT", 1]]
  ↳ app/controllers/users_controller.rb:13:in `set_user'
  Rendering users/show.json.jbuilder
  [1m[36mPost Load (0.7ms)[0m  [1m[34mSELECT "posts".* FROM "posts" WHERE "posts"."creator_id" = $1[0m  [["creator_id", 3]]
  ↳ app/views/users/_user.json.jbuilder:5
  [1m[36mComment Load (0.6ms)[0m  [1m[34mSELECT "comments".* FROM "comments" WHERE "comments"."post_id" = $1[0m  [["post_id", 5]]
  ↳ app/views/posts/_post.json.jbuilder:5
  Rendered posts/_post.json.jbuilder (Duration: 6.3ms | Allocations: 950)
  [1m[36mComment Load (1.9ms)[0m  [1m[34mSELECT "comments".* FROM "comments" WHERE "comments"."post_id" = $1[0m  [["post_id", 6]]
  ↳ app/views/posts/_post.json.jbuilder:5
  Rendered posts/_post.json.jbuilder (Duration: 6.0ms | Allocations: 720)
  Rendered users/_user.json.jbuilder (Duration: 20.9ms | Allocations: 2918)
  Rendered users/show.json.jbuilder (Duration: 23.4ms | Allocations: 3316)
Completed 200 OK in 31ms (Views: 22.2ms | ActiveRecord: 3.8ms | Allocations: 4287)


Started GET "/posts/3" for ::1 at 2021-08-07 10:08:43 +0500
Processing by PostsController#show as */*
  Parameters: {"post"=>{"title"=>"saim", "description"=>""}, "id"=>"3"}
  [1m[36mUser Load (0.6ms)[0m  [1m[34mSELECT "users".* FROM "users" ORDER BY "users"."id" ASC LIMIT $1[0m  [["LIMIT", 1]]
  ↳ app/controllers/application_controller.rb:6:in `current_user'
  [1m[36mPost Load (0.6ms)[0m  [1m[34mSELECT "posts".* FROM "posts" WHERE "posts"."creator_id" = $1 AND "posts"."id" = $2 LIMIT $3[0m  [["creator_id", 1], ["id", 3], ["LIMIT", 1]]
  ↳ app/controllers/posts_controller.rb:43:in `set_post'
Completed 404 Not Found in 51ms (ActiveRecord: 16.1ms | Allocations: 6498)


  
ActiveRecord::RecordNotFound (Couldn't find Post with 'id'=3 [WHERE "posts"."creator_id" = $1]):
  
app/controllers/posts_controller.rb:43:in `set_post'
Started GET "/posts" for ::1 at 2021-08-07 10:08:57 +0500
Processing by PostsController#index as */*
  Parameters: {"post"=>{"title"=>"saim", "description"=>""}}
  [1m[35m (0.9ms)[0m  [1m[34mSELECT COUNT(*) FROM "posts"[0m
  ↳ app/controllers/posts_controller.rb:5:in `index'
  Rendering posts/index.json.jbuilder
  [1m[36mPost Load (1.0ms)[0m  [1m[34mSELECT "posts".* FROM "posts" LIMIT $1 OFFSET $2[0m  [["LIMIT", 8], ["OFFSET", 0]]
  ↳ app/views/posts/index.json.jbuilder:1
  [1m[36mComment Load (0.4ms)[0m  [1m[34mSELECT "comments".* FROM "comments" WHERE "comments"."post_id" = $1[0m  [["post_id", 3]]
  ↳ app/views/posts/_post.json.jbuilder:5
  Rendered posts/_post.json.jbuilder (Duration: 30.3ms | Allocations: 4032)
  [1m[36mComment Load (0.7ms)[0m  [1m[34mSELECT "comments".* FROM "comments" WHERE "comments"."post_id" = $1[0m  [["post_id", 4]]
  ↳ app/views/posts/_post.json.jbuilder:5
  Rendered posts/_post.json.jbuilder (Duration: 4.7ms | Allocations: 697)
  [1m[36mComment Load (0.9ms)[0m  [1m[34mSELECT "comments".* FROM "comments" WHERE "comments"."post_id" = $1[0m  [["post_id", 5]]
  ↳ app/views/posts/_post.json.jbuilder:5
  Rendered posts/_post.json.jbuilder (Duration: 14.9ms | Allocations: 697)
  [1m[36mComment Load (0.3ms)[0m  [1m[34mSELECT "comments".* FROM "comments" WHERE "comments"."post_id" = $1[0m  [["post_id", 6]]
  ↳ app/views/posts/_post.json.jbuilder:5
  Rendered posts/_post.json.jbuilder (Duration: 3.8ms | Allocations: 698)
  [1m[36mComment Load (0.5ms)[0m  [1m[34mSELECT "comments".* FROM "comments" WHERE "comments"."post_id" = $1[0m  [["post_id", 7]]
  ↳ app/views/posts/_post.json.jbuilder:5
  Rendered posts/_post.json.jbuilder (Duration: 4.4ms | Allocations: 697)
  [1m[36mComment Load (0.4ms)[0m  [1m[34mSELECT "comments".* FROM "comments" WHERE "comments"."post_id" = $1[0m  [["post_id", 8]]
  ↳ app/views/posts/_post.json.jbuilder:5
  Rendered posts/_post.json.jbuilder (Duration: 5.7ms | Allocations: 697)
  [1m[36mComment Load (0.4ms)[0m  [1m[34mSELECT "comments".* FROM "comments" WHERE "comments"."post_id" = $1[0m  [["post_id", 9]]
  ↳ app/views/posts/_post.json.jbuilder:5
  Rendered posts/_post.json.jbuilder (Duration: 4.1ms | Allocations: 697)
  [1m[36mComment Load (0.7ms)[0m  [1m[34mSELECT "comments".* FROM "comments" WHERE "comments"."post_id" = $1[0m  [["post_id", 2]]
  ↳ app/views/posts/_post.json.jbuilder:5
  Rendered posts/_post.json.jbuilder (Duration: 4.7ms | Allocations: 697)
  Rendered posts/index.json.jbuilder (Duration: 94.5ms | Allocations: 12927)
Completed 200 OK in 104ms (Views: 85.2ms | ActiveRecord: 12.5ms | Allocations: 13954)


Started GET "/posts/3" for ::1 at 2021-08-07 10:09:05 +0500
Processing by PostsController#show as */*
  Parameters: {"post"=>{"title"=>"saim", "description"=>""}, "id"=>"3"}
  [1m[36mUser Load (0.7ms)[0m  [1m[34mSELECT "users".* FROM "users" ORDER BY "users"."id" ASC LIMIT $1[0m  [["LIMIT", 1]]
  ↳ app/controllers/application_controller.rb:6:in `current_user'
  [1m[36mPost Load (0.8ms)[0m  [1m[34mSELECT "posts".* FROM "posts" WHERE "posts"."creator_id" = $1 AND "posts"."id" = $2 LIMIT $3[0m  [["creator_id", 1], ["id", 3], ["LIMIT", 1]]
  ↳ app/controllers/posts_controller.rb:43:in `set_post'
Completed 404 Not Found in 10ms (ActiveRecord: 1.5ms | Allocations: 1330)


  
ActiveRecord::RecordNotFound (Couldn't find Post with 'id'=3 [WHERE "posts"."creator_id" = $1]):
  
app/controllers/posts_controller.rb:43:in `set_post'
  [1m[36mPost Load (0.8ms)[0m  [1m[34mSELECT "posts".* FROM "posts" WHERE "posts"."id" = $1 LIMIT $2[0m  [["id", 3], ["LIMIT", 1]]
  [1m[36mPost Load (0.9ms)[0m  [1m[34mSELECT "posts".* FROM "posts" WHERE "posts"."id" = $1 LIMIT $2[0m  [["id", 3], ["LIMIT", 1]]
Started GET "/posts/2" for ::1 at 2021-08-07 10:09:45 +0500
Processing by PostsController#show as */*
  Parameters: {"post"=>{"title"=>"saim", "description"=>""}, "id"=>"2"}
  [1m[36mUser Load (0.6ms)[0m  [1m[34mSELECT "users".* FROM "users" ORDER BY "users"."id" ASC LIMIT $1[0m  [["LIMIT", 1]]
  ↳ app/controllers/application_controller.rb:6:in `current_user'
  [1m[36mPost Load (0.7ms)[0m  [1m[34mSELECT "posts".* FROM "posts" WHERE "posts"."creator_id" = $1 AND "posts"."id" = $2 LIMIT $3[0m  [["creator_id", 1], ["id", 2], ["LIMIT", 1]]
  ↳ app/controllers/posts_controller.rb:43:in `set_post'
  Rendering posts/show.json.jbuilder
  [1m[36mComment Load (1.5ms)[0m  [1m[34mSELECT "comments".* FROM "comments" WHERE "comments"."post_id" = $1[0m  [["post_id", 2]]
  ↳ app/views/posts/_post.json.jbuilder:5
  Rendered posts/_post.json.jbuilder (Duration: 5.6ms | Allocations: 681)
  Rendered posts/show.json.jbuilder (Duration: 7.3ms | Allocations: 854)
Completed 200 OK in 25ms (Views: 7.0ms | ActiveRecord: 2.9ms | Allocations: 2433)


  [1m[36mPost Load (1.1ms)[0m  [1m[34mSELECT "posts".* FROM "posts" WHERE "posts"."id" = $1 LIMIT $2[0m  [["id", 2], ["LIMIT", 1]]
  [1m[36mTRANSACTION (0.3ms)[0m  [1m[35mBEGIN[0m
  [1m[36mUser Load (0.8ms)[0m  [1m[34mSELECT "users".* FROM "users" WHERE "users"."id" = $1 LIMIT $2[0m  [["id", 1], ["LIMIT", 1]]
  [1m[36mComment Create (1.2ms)[0m  [1m[32mINSERT INTO "comments" ("message", "user_id", "post_id", "created_at", "updated_at") VALUES ($1, $2, $3, $4, $5) RETURNING "id"[0m  [["message", "oo"], ["user_id", 1], ["post_id", 2], ["created_at", "2021-08-07 05:10:27.474036"], ["updated_at", "2021-08-07 05:10:27.474036"]]
  [1m[36mTRANSACTION (4.2ms)[0m  [1m[35mCOMMIT[0m
Started GET "/posts/2" for ::1 at 2021-08-07 10:10:33 +0500
Processing by PostsController#show as */*
  Parameters: {"post"=>{"title"=>"saim", "description"=>""}, "id"=>"2"}
  [1m[36mUser Load (0.6ms)[0m  [1m[34mSELECT "users".* FROM "users" ORDER BY "users"."id" ASC LIMIT $1[0m  [["LIMIT", 1]]
  ↳ app/controllers/application_controller.rb:6:in `current_user'
  [1m[36mPost Load (1.0ms)[0m  [1m[34mSELECT "posts".* FROM "posts" WHERE "posts"."creator_id" = $1 AND "posts"."id" = $2 LIMIT $3[0m  [["creator_id", 1], ["id", 2], ["LIMIT", 1]]
  ↳ app/controllers/posts_controller.rb:43:in `set_post'
  Rendering posts/show.json.jbuilder
  [1m[36mComment Load (0.6ms)[0m  [1m[34mSELECT "comments".* FROM "comments" WHERE "comments"."post_id" = $1[0m  [["post_id", 2]]
  ↳ app/views/posts/_post.json.jbuilder:5
  Rendered posts/_post.json.jbuilder (Duration: 6.0ms | Allocations: 705)
  Rendered posts/show.json.jbuilder (Duration: 6.9ms | Allocations: 842)
Completed 200 OK in 17ms (Views: 7.4ms | ActiveRecord: 2.2ms | Allocations: 2264)


Started GET "/posts/2/comments/5" for ::1 at 2021-08-07 10:10:51 +0500
Processing by CommentsController#show as */*
  Parameters: {"post"=>{"title"=>"saim", "description"=>""}, "post_id"=>"2", "id"=>"5"}
Completed 500 Internal Server Error in 3ms (ActiveRecord: 0.0ms | Allocations: 600)


  
NoMethodError (undefined method `comments' for nil:NilClass):
  
app/controllers/comments_controller.rb:44:in `set_comment'
Started GET "/posts/2/comments/5" for ::1 at 2021-08-07 10:11:27 +0500
Processing by CommentsController#show as */*
  Parameters: {"post"=>{"title"=>"saim", "description"=>""}, "post_id"=>"2", "id"=>"5"}
Completed 500 Internal Server Error in 2ms (ActiveRecord: 0.0ms | Allocations: 598)


  
NoMethodError (undefined method `comments' for nil:NilClass):
  
app/controllers/comments_controller.rb:44:in `set_comment'
Started GET "/posts/2/comments/5" for ::1 at 2021-08-07 10:11:40 +0500
Processing by CommentsController#show as */*
  Parameters: {"post"=>{"title"=>"saim", "description"=>""}, "post_id"=>"2", "id"=>"5"}
Completed 500 Internal Server Error in 3ms (ActiveRecord: 0.0ms | Allocations: 566)


  
NoMethodError (undefined method `comments' for nil:NilClass):
  
app/controllers/comments_controller.rb:44:in `set_comment'
Started GET "/posts/2/comments/5" for ::1 at 2021-08-07 10:12:43 +0500
Processing by CommentsController#show as */*
  Parameters: {"post"=>{"title"=>"saim", "description"=>""}, "post_id"=>"2", "id"=>"5"}
  [1m[36mPost Load (0.6ms)[0m  [1m[34mSELECT "posts".* FROM "posts" WHERE "posts"."id" = $1 LIMIT $2[0m  [["id", 2], ["LIMIT", 1]]
  ↳ app/controllers/comments_controller.rb:40:in `set_post'
Completed 404 Not Found in 54ms (ActiveRecord: 13.1ms | Allocations: 5297)


  
ActiveRecord::RecordNotFound (Couldn't find Comment without an ID):
  
app/controllers/comments_controller.rb:44:in `set_comment'
  [1m[36mComment Load (1.2ms)[0m  [1m[34mSELECT "comments".* FROM "comments" WHERE "comments"."id" = $1 LIMIT $2[0m  [["id", 5], ["LIMIT", 1]]
Started GET "/posts/2/comments/5" for ::1 at 2021-08-07 10:13:20 +0500
Processing by CommentsController#show as */*
  Parameters: {"post"=>{"title"=>"saim", "description"=>""}, "post_id"=>"2", "id"=>"5"}
  [1m[36mPost Load (0.7ms)[0m  [1m[34mSELECT "posts".* FROM "posts" WHERE "posts"."id" = $1 LIMIT $2[0m  [["id", 2], ["LIMIT", 1]]
  ↳ app/controllers/comments_controller.rb:40:in `set_post'
Completed 404 Not Found in 5ms (ActiveRecord: 0.7ms | Allocations: 665)


  
ActiveRecord::RecordNotFound (Couldn't find Comment without an ID):
  
app/controllers/comments_controller.rb:44:in `set_comment'
Started GET "/posts/2/comments/5" for ::1 at 2021-08-07 10:13:40 +0500
Processing by CommentsController#show as */*
  Parameters: {"post"=>{"title"=>"saim", "description"=>""}, "post_id"=>"2", "id"=>"5"}
  [1m[36mPost Load (0.8ms)[0m  [1m[34mSELECT "posts".* FROM "posts" WHERE "posts"."id" = $1 LIMIT $2[0m  [["id", 2], ["LIMIT", 1]]
  ↳ app/controllers/comments_controller.rb:40:in `set_post'
  [1m[36mComment Load (0.6ms)[0m  [1m[34mSELECT "comments".* FROM "comments" WHERE "comments"."post_id" = $1 /* loading for inspect */ LIMIT $2[0m  [["post_id", 2], ["LIMIT", 11]]
  ↳ app/controllers/comments_controller.rb:45:in `set_comment'
  [1m[36mComment Load (1.8ms)[0m  [1m[34mSELECT "comments".* FROM "comments" WHERE "comments"."post_id" = $1 AND "comments"."id" = $2 LIMIT $3[0m  [["post_id", 2], ["id", 5], ["LIMIT", 1]]
  ↳ (byebug):1:in `set_comment'
Completed 404 Not Found in 41358ms (ActiveRecord: 16.3ms | Allocations: 52640)


  
ActiveRecord::RecordNotFound (Couldn't find Comment without an ID):
  
app/controllers/comments_controller.rb:45:in `set_comment'
Started GET "/posts/2/comments/5" for ::1 at 2021-08-07 10:14:30 +0500
Processing by CommentsController#show as */*
  Parameters: {"post"=>{"title"=>"saim", "description"=>""}, "post_id"=>"2", "id"=>"5"}
  [1m[36mPost Load (1.1ms)[0m  [1m[34mSELECT "posts".* FROM "posts" WHERE "posts"."id" = $1 LIMIT $2[0m  [["id", 2], ["LIMIT", 1]]
  ↳ app/controllers/comments_controller.rb:40:in `set_post'
  [1m[36mComment Load (0.9ms)[0m  [1m[34mSELECT "comments".* FROM "comments" WHERE "comments"."post_id" = $1 AND "comments"."id" = $2 LIMIT $3[0m  [["post_id", 2], ["id", 5], ["LIMIT", 1]]
  ↳ app/controllers/comments_controller.rb:44:in `set_comment'
No template found for CommentsController#show, rendering head :no_content
Completed 204 No Content in 70ms (ActiveRecord: 18.5ms | Allocations: 9402)


Started GET "/posts/2/comments/5" for ::1 at 2021-08-07 10:14:52 +0500
Processing by CommentsController#show as */*
  Parameters: {"post"=>{"title"=>"saim", "description"=>""}, "post_id"=>"2", "id"=>"5"}
  [1m[36mPost Load (0.7ms)[0m  [1m[34mSELECT "posts".* FROM "posts" WHERE "posts"."id" = $1 LIMIT $2[0m  [["id", 2], ["LIMIT", 1]]
  ↳ app/controllers/comments_controller.rb:40:in `set_post'
  [1m[36mComment Load (1.1ms)[0m  [1m[34mSELECT "comments".* FROM "comments" WHERE "comments"."post_id" = $1 AND "comments"."id" = $2 LIMIT $3[0m  [["post_id", 2], ["id", 5], ["LIMIT", 1]]
  ↳ app/controllers/comments_controller.rb:44:in `set_comment'
  Rendering comments/show.json.jbuilder
  Rendered comments/show.json.jbuilder (Duration: 1.0ms | Allocations: 93)
Completed 200 OK in 14ms (Views: 3.3ms | ActiveRecord: 1.8ms | Allocations: 1758)


Started DELETE "/posts/2/comments/5" for ::1 at 2021-08-07 10:15:01 +0500
Processing by CommentsController#destroy as */*
  Parameters: {"post"=>{"title"=>"saim", "description"=>""}, "post_id"=>"2", "id"=>"5"}
  [1m[36mPost Load (0.7ms)[0m  [1m[34mSELECT "posts".* FROM "posts" WHERE "posts"."id" = $1 LIMIT $2[0m  [["id", 2], ["LIMIT", 1]]
  ↳ app/controllers/comments_controller.rb:40:in `set_post'
  [1m[36mComment Load (0.7ms)[0m  [1m[34mSELECT "comments".* FROM "comments" WHERE "comments"."post_id" = $1 AND "comments"."id" = $2 LIMIT $3[0m  [["post_id", 2], ["id", 5], ["LIMIT", 1]]
  ↳ app/controllers/comments_controller.rb:44:in `set_comment'
  [1m[36mTRANSACTION (1.4ms)[0m  [1m[35mBEGIN[0m
  ↳ app/controllers/comments_controller.rb:26:in `destroy'
  [1m[36mComment Destroy (4.7ms)[0m  [1m[31mDELETE FROM "comments" WHERE "comments"."id" = $1[0m  [["id", 5]]
  ↳ app/controllers/comments_controller.rb:26:in `destroy'
  [1m[36mTRANSACTION (4.9ms)[0m  [1m[35mCOMMIT[0m
  ↳ app/controllers/comments_controller.rb:26:in `destroy'
Completed 200 OK in 29ms (Views: 1.1ms | ActiveRecord: 12.4ms | Allocations: 2588)


Started POST "/posts/2/comments/5" for ::1 at 2021-08-07 10:15:48 +0500
  
ActionController::RoutingError (No route matches [POST] "/posts/2/comments/5"):
  
Started POST "/posts/2/comments" for ::1 at 2021-08-07 10:17:06 +0500
Processing by CommentsController#create as */*
  Parameters: {"comment"=>{"message"=>"hello", "user_id"=>"1"}, "post_id"=>"2"}
  [1m[36mPost Load (0.7ms)[0m  [1m[34mSELECT "posts".* FROM "posts" WHERE "posts"."id" = $1 LIMIT $2[0m  [["id", 2], ["LIMIT", 1]]
  ↳ app/controllers/comments_controller.rb:40:in `set_post'
[31mUnpermitted parameter: :user_id[0m
  [1m[36mUser Load (0.7ms)[0m  [1m[34mSELECT "users".* FROM "users" ORDER BY "users"."id" ASC LIMIT $1[0m  [["LIMIT", 1]]
  ↳ app/controllers/application_controller.rb:6:in `current_user'
  [1m[36mTRANSACTION (0.5ms)[0m  [1m[35mBEGIN[0m
  ↳ app/controllers/comments_controller.rb:8:in `create'
  [1m[36mUser Load (1.3ms)[0m  [1m[34mSELECT "users".* FROM "users" WHERE "users"."id" = $1 LIMIT $2[0m  [["id", 1], ["LIMIT", 1]]
  ↳ app/controllers/comments_controller.rb:8:in `create'
  [1m[36mComment Create (1.7ms)[0m  [1m[32mINSERT INTO "comments" ("message", "user_id", "post_id", "created_at", "updated_at") VALUES ($1, $2, $3, $4, $5) RETURNING "id"[0m  [["message", "hello"], ["user_id", 1], ["post_id", 2], ["created_at", "2021-08-07 05:17:06.348918"], ["updated_at", "2021-08-07 05:17:06.348918"]]
  ↳ app/controllers/comments_controller.rb:8:in `create'
  [1m[36mTRANSACTION (5.2ms)[0m  [1m[35mCOMMIT[0m
  ↳ app/controllers/comments_controller.rb:8:in `create'
Completed 200 OK in 77ms (Views: 0.8ms | ActiveRecord: 16.3ms | Allocations: 8865)


Started POST "/posts/2/comments" for ::1 at 2021-08-07 10:17:24 +0500
Processing by CommentsController#create as */*
  Parameters: {"comment"=>{"message"=>"", "user_id"=>""}, "post_id"=>"2"}
  [1m[36mPost Load (0.6ms)[0m  [1m[34mSELECT "posts".* FROM "posts" WHERE "posts"."id" = $1 LIMIT $2[0m  [["id", 2], ["LIMIT", 1]]
  ↳ app/controllers/comments_controller.rb:40:in `set_post'
[31mUnpermitted parameter: :user_id[0m
  [1m[36mUser Load (0.6ms)[0m  [1m[34mSELECT "users".* FROM "users" ORDER BY "users"."id" ASC LIMIT $1[0m  [["LIMIT", 1]]
  ↳ app/controllers/application_controller.rb:6:in `current_user'
  [1m[36mTRANSACTION (3.4ms)[0m  [1m[35mBEGIN[0m
  ↳ app/controllers/comments_controller.rb:8:in `create'
  [1m[36mUser Load (0.6ms)[0m  [1m[34mSELECT "users".* FROM "users" WHERE "users"."id" = $1 LIMIT $2[0m  [["id", 1], ["LIMIT", 1]]
  ↳ app/controllers/comments_controller.rb:8:in `create'
  [1m[36mTRANSACTION (0.3ms)[0m  [1m[31mROLLBACK[0m
  ↳ app/controllers/comments_controller.rb:8:in `create'
Completed 422 Unprocessable Entity in 309ms (Views: 0.3ms | ActiveRecord: 5.6ms | Allocations: 4750)


Started POST "/posts/2/comments" for ::1 at 2021-08-07 10:17:35 +0500
Processing by CommentsController#create as */*
  Parameters: {"comment"=>{"message"=>"saa", "user_id"=>""}, "post_id"=>"2"}
  [1m[36mPost Load (0.4ms)[0m  [1m[34mSELECT "posts".* FROM "posts" WHERE "posts"."id" = $1 LIMIT $2[0m  [["id", 2], ["LIMIT", 1]]
  ↳ app/controllers/comments_controller.rb:40:in `set_post'
[31mUnpermitted parameter: :user_id[0m
  [1m[36mUser Load (1.3ms)[0m  [1m[34mSELECT "users".* FROM "users" ORDER BY "users"."id" ASC LIMIT $1[0m  [["LIMIT", 1]]
  ↳ app/controllers/application_controller.rb:6:in `current_user'
  [1m[36mTRANSACTION (1.8ms)[0m  [1m[35mBEGIN[0m
  ↳ app/controllers/comments_controller.rb:8:in `create'
  [1m[36mUser Load (0.6ms)[0m  [1m[34mSELECT "users".* FROM "users" WHERE "users"."id" = $1 LIMIT $2[0m  [["id", 1], ["LIMIT", 1]]
  ↳ app/controllers/comments_controller.rb:8:in `create'
  [1m[36mComment Create (2.5ms)[0m  [1m[32mINSERT INTO "comments" ("message", "user_id", "post_id", "created_at", "updated_at") VALUES ($1, $2, $3, $4, $5) RETURNING "id"[0m  [["message", "saa"], ["user_id", 1], ["post_id", 2], ["created_at", "2021-08-07 05:17:35.539656"], ["updated_at", "2021-08-07 05:17:35.539656"]]
  ↳ app/controllers/comments_controller.rb:8:in `create'
  [1m[36mTRANSACTION (4.2ms)[0m  [1m[35mCOMMIT[0m
  ↳ app/controllers/comments_controller.rb:8:in `create'
Completed 200 OK in 35ms (Views: 1.0ms | ActiveRecord: 10.8ms | Allocations: 3781)


  [1m[36mPost Load (1.9ms)[0m  [1m[34mSELECT "posts".* FROM "posts" WHERE (lower(title) ILIKE 'a') /* loading for inspect */ LIMIT $1[0m  [["LIMIT", 11]]
  [1m[36mPost Load (1.0ms)[0m  [1m[34mSELECT "posts".* FROM "posts" WHERE (title ILIKE 'a') /* loading for inspect */ LIMIT $1[0m  [["LIMIT", 11]]
  [1m[36mPost Load (3.4ms)[0m  [1m[34mSELECT "posts".* FROM "posts" WHERE (title ILIKE a) /* loading for inspect */ LIMIT $1[0m  [["LIMIT", 11]]
  [1m[36mPost Load (1.3ms)[0m  [1m[34mSELECT "posts".* FROM "posts" WHERE (title ILIKE 'a') /* loading for inspect */ LIMIT $1[0m  [["LIMIT", 11]]
  [1m[35m (2.3ms)[0m  [1m[34mSELECT "schema_migrations"."version" FROM "schema_migrations" ORDER BY "schema_migrations"."version" ASC[0m
  [1m[35m (4.4ms)[0m  [1m[34mSELECT "ar_internal_metadata"."value" FROM "ar_internal_metadata" WHERE "ar_internal_metadata"."key" = $1[0m  [["key", "environment"]]
  [1m[35m (1.1ms)[0m  [1m[34mSELECT "schema_migrations"."version" FROM "schema_migrations" ORDER BY "schema_migrations"."version" ASC[0m
  [1m[35m (1.0ms)[0m  [1m[34mSELECT "ar_internal_metadata"."value" FROM "ar_internal_metadata" WHERE "ar_internal_metadata"."key" = $1[0m  [["key", "environment"]]
  [1m[35m (1.1ms)[0m  [1m[34mSELECT "schema_migrations"."version" FROM "schema_migrations" ORDER BY "schema_migrations"."version" ASC[0m
  [1m[35m (1.6ms)[0m  [1m[34mSELECT "ar_internal_metadata"."value" FROM "ar_internal_metadata" WHERE "ar_internal_metadata"."key" = $1[0m  [["key", "environment"]]
  [1m[35m (82.4ms)[0m  [1m[35mDROP DATABASE IF EXISTS "social_api_test"[0m
  [1m[35m (312.4ms)[0m  [1m[35mCREATE DATABASE "social_api_test" ENCODING = 'unicode'[0m
  [1m[35mSQL (2.8ms)[0m  [1m[35mCREATE EXTENSION IF NOT EXISTS "plpgsql"[0m
  [1m[35m (1.3ms)[0m  [1m[35mDROP TABLE IF EXISTS "comments" CASCADE[0m
  [1m[35m (36.9ms)[0m  [1m[35mCREATE TABLE "comments" ("id" bigserial primary key, "message" character varying, "user_id" bigint NOT NULL, "post_id" bigint NOT NULL, "created_at" timestamp(6) NOT NULL, "updated_at" timestamp(6) NOT NULL)[0m
  [1m[35m (13.4ms)[0m  [1m[35mCREATE INDEX "index_comments_on_post_id" ON "comments" ("post_id")[0m
  [1m[35m (12.8ms)[0m  [1m[35mCREATE INDEX "index_comments_on_user_id" ON "comments" ("user_id")[0m
  [1m[35m (0.8ms)[0m  [1m[35mDROP TABLE IF EXISTS "posts" CASCADE[0m
  [1m[35m (26.8ms)[0m  [1m[35mCREATE TABLE "posts" ("id" bigserial primary key, "title" character varying, "description" character varying, "creator_id" integer, "created_at" timestamp(6) NOT NULL, "updated_at" timestamp(6) NOT NULL)[0m
  [1m[35m (14.2ms)[0m  [1m[35mCREATE INDEX "index_posts_on_creator_id" ON "posts" ("creator_id")[0m
  [1m[35m (0.7ms)[0m  [1m[35mDROP TABLE IF EXISTS "users" CASCADE[0m
  [1m[35m (25.3ms)[0m  [1m[35mCREATE TABLE "users" ("id" bigserial primary key, "name" character varying, "email" character varying, "password" character varying, "created_at" timestamp(6) NOT NULL, "updated_at" timestamp(6) NOT NULL)[0m
  [1m[35m (9.3ms)[0m  [1m[35mALTER TABLE "comments" ADD CONSTRAINT "fk_rails_2fd19c0db7"
FOREIGN KEY ("post_id")
  REFERENCES "posts" ("id")
[0m
  [1m[35m (6.7ms)[0m  [1m[35mALTER TABLE "comments" ADD CONSTRAINT "fk_rails_03de2dc08c"
FOREIGN KEY ("user_id")
  REFERENCES "users" ("id")
[0m
  [1m[35m (25.5ms)[0m  [1m[35mCREATE TABLE "schema_migrations" ("version" character varying NOT NULL PRIMARY KEY)[0m
  [1m[35m (1.6ms)[0m  [1m[34mSELECT "schema_migrations"."version" FROM "schema_migrations" ORDER BY "schema_migrations"."version" ASC[0m
  [1m[35m (4.1ms)[0m  [1m[32mINSERT INTO "schema_migrations" (version) VALUES (20210806210842)[0m
  [1m[35m (3.7ms)[0m  [1m[32mINSERT INTO "schema_migrations" (version) VALUES
(20210806210725),
(20210806210829);

[0m
  [1m[35m (23.6ms)[0m  [1m[35mCREATE TABLE "ar_internal_metadata" ("key" character varying NOT NULL PRIMARY KEY, "value" character varying, "created_at" timestamp(6) NOT NULL, "updated_at" timestamp(6) NOT NULL)[0m
  [1m[36mActiveRecord::InternalMetadata Load (1.6ms)[0m  [1m[34mSELECT "ar_internal_metadata".* FROM "ar_internal_metadata" WHERE "ar_internal_metadata"."key" = $1 LIMIT $2[0m  [["key", "environment"], ["LIMIT", 1]]
  [1m[36mTRANSACTION (0.3ms)[0m  [1m[35mBEGIN[0m
  [1m[36mActiveRecord::InternalMetadata Create (1.6ms)[0m  [1m[32mINSERT INTO "ar_internal_metadata" ("key", "value", "created_at", "updated_at") VALUES ($1, $2, $3, $4) RETURNING "key"[0m  [["key", "environment"], ["value", "development"], ["created_at", "2021-08-07 06:56:07.349385"], ["updated_at", "2021-08-07 06:56:07.349385"]]
  [1m[36mTRANSACTION (6.6ms)[0m  [1m[35mCOMMIT[0m
  [1m[36mActiveRecord::InternalMetadata Load (1.1ms)[0m  [1m[34mSELECT "ar_internal_metadata".* FROM "ar_internal_metadata" WHERE "ar_internal_metadata"."key" = $1 LIMIT $2[0m  [["key", "environment"], ["LIMIT", 1]]
  [1m[36mTRANSACTION (0.4ms)[0m  [1m[35mBEGIN[0m
  [1m[36mActiveRecord::InternalMetadata Update (1.3ms)[0m  [1m[33mUPDATE "ar_internal_metadata" SET "value" = $1, "updated_at" = $2 WHERE "ar_internal_metadata"."key" = $3[0m  [["value", "test"], ["updated_at", "2021-08-07 06:56:07.381665"], ["key", "environment"]]
  [1m[36mTRANSACTION (3.5ms)[0m  [1m[35mCOMMIT[0m
  [1m[36mActiveRecord::InternalMetadata Load (0.9ms)[0m  [1m[34mSELECT "ar_internal_metadata".* FROM "ar_internal_metadata" WHERE "ar_internal_metadata"."key" = $1 LIMIT $2[0m  [["key", "schema_sha1"], ["LIMIT", 1]]
  [1m[36mTRANSACTION (1.1ms)[0m  [1m[35mBEGIN[0m
  [1m[36mActiveRecord::InternalMetadata Create (1.7ms)[0m  [1m[32mINSERT INTO "ar_internal_metadata" ("key", "value", "created_at", "updated_at") VALUES ($1, $2, $3, $4) RETURNING "key"[0m  [["key", "schema_sha1"], ["value", "39026916d6b5fd2c7ac48335feb471fcb8a4acd9"], ["created_at", "2021-08-07 06:56:07.404956"], ["updated_at", "2021-08-07 06:56:07.404956"]]
  [1m[36mTRANSACTION (3.8ms)[0m  [1m[35mCOMMIT[0m
